Handling lib "rpc-service-fs"...
Handling lib "rpc-service-config"...
Handling lib "mjs"...
Handling lib "neopixel"...
Handling lib "rpc-uart"...
Handling lib "ca-bundle"...
Handling lib "rpc-service-ota"...
Handling lib "zz_boards"...
Handling lib "core"...
Handling lib "dash"...
core: Checking out 2.17.0...
rpc-service-fs: Checking out 2.17.0...
ca-bundle: Checking out 2.17.0...
rpc-uart: Checking out 2.17.0...
neopixel: Checking out 2.17.0...
rpc-service-config: Checking out 2.17.0...
mjs: Checking out 2.17.0...
zz_boards: Checking out 2.17.0...
rpc-service-ota: Checking out 2.17.0...
dash: Checking out 2.17.0...
core: Done, hash c7359ef09e0f75bd693d88672ba9665b84d0e46a
core: Hash unchanged at c7359ef09e0f75bd693d88672ba9665b84d0e46a (dir "/data/fwbuild-volumes/2.17.0/apps/MOS_IOT_ADDRESSABLE_LEDS/esp8266/build_contexts/build_ctx_503585193/deps/core")
core: Prepared local dir: "/data/fwbuild-volumes/2.17.0/apps/MOS_IOT_ADDRESSABLE_LEDS/esp8266/build_contexts/build_ctx_503585193/deps/core"
rpc-uart: Done, hash 4c68e5d7b3eecb19ccc6128f111a118384ed20b4
rpc-service-ota: Done, hash 136c3e34bf6a831e5fc00e1d59f90fe475445987
neopixel: Done, hash 0909f0d259717bca7274331a76f714422f47f9b2
rpc-service-fs: Done, hash 7edeecacec8ed276aa83485ae8879219dfface29
ca-bundle: Done, hash c6a3caec6567790ba33b448c5550ec032b20914f
rpc-service-config: Done, hash b30e187977d8dafcb4297cff60e036855a7ff531
rpc-uart: Hash unchanged at 4c68e5d7b3eecb19ccc6128f111a118384ed20b4 (dir "/data/fwbuild-volumes/2.17.0/apps/MOS_IOT_ADDRESSABLE_LEDS/esp8266/build_contexts/build_ctx_503585193/deps/rpc-uart")
rpc-uart: Prepared local dir: "/data/fwbuild-volumes/2.17.0/apps/MOS_IOT_ADDRESSABLE_LEDS/esp8266/build_contexts/build_ctx_503585193/deps/rpc-uart"
dash: Done, hash 28b419f421aa9c40675621befeb3d96d79cb520f
zz_boards: Done, hash 897a76f9b7306751dea4596f38df4486548ae2da
mjs: Done, hash a65e6d7c84aa0b22795ca403296db1772371313a
rpc-service-ota: Hash unchanged at 136c3e34bf6a831e5fc00e1d59f90fe475445987 (dir "/data/fwbuild-volumes/2.17.0/apps/MOS_IOT_ADDRESSABLE_LEDS/esp8266/build_contexts/build_ctx_503585193/deps/rpc-service-ota")
rpc-service-config: Hash unchanged at b30e187977d8dafcb4297cff60e036855a7ff531 (dir "/data/fwbuild-volumes/2.17.0/apps/MOS_IOT_ADDRESSABLE_LEDS/esp8266/build_contexts/build_ctx_503585193/deps/rpc-service-config")
rpc-service-ota: Prepared local dir: "/data/fwbuild-volumes/2.17.0/apps/MOS_IOT_ADDRESSABLE_LEDS/esp8266/build_contexts/build_ctx_503585193/deps/rpc-service-ota"
rpc-service-config: Prepared local dir: "/data/fwbuild-volumes/2.17.0/apps/MOS_IOT_ADDRESSABLE_LEDS/esp8266/build_contexts/build_ctx_503585193/deps/rpc-service-config"
neopixel: Hash unchanged at 0909f0d259717bca7274331a76f714422f47f9b2 (dir "/data/fwbuild-volumes/2.17.0/apps/MOS_IOT_ADDRESSABLE_LEDS/esp8266/build_contexts/build_ctx_503585193/deps/neopixel")
neopixel: Prepared local dir: "/data/fwbuild-volumes/2.17.0/apps/MOS_IOT_ADDRESSABLE_LEDS/esp8266/build_contexts/build_ctx_503585193/deps/neopixel"
rpc-service-fs: Hash unchanged at 7edeecacec8ed276aa83485ae8879219dfface29 (dir "/data/fwbuild-volumes/2.17.0/apps/MOS_IOT_ADDRESSABLE_LEDS/esp8266/build_contexts/build_ctx_503585193/deps/rpc-service-fs")
rpc-service-fs: Prepared local dir: "/data/fwbuild-volumes/2.17.0/apps/MOS_IOT_ADDRESSABLE_LEDS/esp8266/build_contexts/build_ctx_503585193/deps/rpc-service-fs"
ca-bundle: Hash unchanged at c6a3caec6567790ba33b448c5550ec032b20914f (dir "/data/fwbuild-volumes/2.17.0/apps/MOS_IOT_ADDRESSABLE_LEDS/esp8266/build_contexts/build_ctx_503585193/deps/ca-bundle")
ca-bundle: Prepared local dir: "/data/fwbuild-volumes/2.17.0/apps/MOS_IOT_ADDRESSABLE_LEDS/esp8266/build_contexts/build_ctx_503585193/deps/ca-bundle"
dash: Hash unchanged at 28b419f421aa9c40675621befeb3d96d79cb520f (dir "/data/fwbuild-volumes/2.17.0/apps/MOS_IOT_ADDRESSABLE_LEDS/esp8266/build_contexts/build_ctx_503585193/deps/dash")
dash: Prepared local dir: "/data/fwbuild-volumes/2.17.0/apps/MOS_IOT_ADDRESSABLE_LEDS/esp8266/build_contexts/build_ctx_503585193/deps/dash"
zz_boards: Hash unchanged at 897a76f9b7306751dea4596f38df4486548ae2da (dir "/data/fwbuild-volumes/2.17.0/apps/MOS_IOT_ADDRESSABLE_LEDS/esp8266/build_contexts/build_ctx_503585193/deps/boards")
zz_boards: Prepared local dir: "/data/fwbuild-volumes/2.17.0/apps/MOS_IOT_ADDRESSABLE_LEDS/esp8266/build_contexts/build_ctx_503585193/deps/boards"
mjs: Hash unchanged at a65e6d7c84aa0b22795ca403296db1772371313a (dir "/data/fwbuild-volumes/2.17.0/apps/MOS_IOT_ADDRESSABLE_LEDS/esp8266/build_contexts/build_ctx_503585193/deps/mjs")
mjs: Prepared local dir: "/data/fwbuild-volumes/2.17.0/apps/MOS_IOT_ADDRESSABLE_LEDS/esp8266/build_contexts/build_ctx_503585193/deps/mjs"
Handling lib "mongoose"...
mongoose: Checking out 2.17.0...
mongoose: Done, hash 08dafbf084c7c25207f28b00948df04b0c218844
mongoose: Hash unchanged at 08dafbf084c7c25207f28b00948df04b0c218844 (dir "/data/fwbuild-volumes/2.17.0/apps/MOS_IOT_ADDRESSABLE_LEDS/esp8266/build_contexts/build_ctx_503585193/deps/mongoose")
mongoose: Prepared local dir: "/data/fwbuild-volumes/2.17.0/apps/MOS_IOT_ADDRESSABLE_LEDS/esp8266/build_contexts/build_ctx_503585193/deps/mongoose"
Handling lib "rpc-common"...
rpc-common: Checking out 2.17.0...
rpc-common: Done, hash 7f1fa52a0ee6ac88bd344691086f176c7fc448a9
rpc-common: Hash unchanged at 7f1fa52a0ee6ac88bd344691086f176c7fc448a9 (dir "/data/fwbuild-volumes/2.17.0/apps/MOS_IOT_ADDRESSABLE_LEDS/esp8266/build_contexts/build_ctx_503585193/deps/rpc-common")
rpc-common: Prepared local dir: "/data/fwbuild-volumes/2.17.0/apps/MOS_IOT_ADDRESSABLE_LEDS/esp8266/build_contexts/build_ctx_503585193/deps/rpc-common"
Handling lib "ota-http-client"...
ota-http-client: Checking out 2.17.0...
ota-http-client: Done, hash e2f9fcfcae9e6efb24e6de6b42af6dd483dd675b
ota-http-client: Hash unchanged at e2f9fcfcae9e6efb24e6de6b42af6dd483dd675b (dir "/data/fwbuild-volumes/2.17.0/apps/MOS_IOT_ADDRESSABLE_LEDS/esp8266/build_contexts/build_ctx_503585193/deps/ota-http-client")
ota-http-client: Prepared local dir: "/data/fwbuild-volumes/2.17.0/apps/MOS_IOT_ADDRESSABLE_LEDS/esp8266/build_contexts/build_ctx_503585193/deps/ota-http-client"
Handling lib "rpc-ws"...
Handling lib "shadow"...
Handling lib "ota-shadow"...
ota-shadow: Checking out 2.17.0...
rpc-ws: Checking out 2.17.0...
shadow: Checking out 2.17.0...
rpc-ws: Done, hash e8e507f4a91eb96a0c664fa33319b2e4f0ed89b2
ota-shadow: Done, hash b3b148e5c6c21ae226143c1f8025facea51228fc
shadow: Done, hash 0be68cac8bbfeb1e45b5a516118243cecce1ec8f
rpc-ws: Hash unchanged at e8e507f4a91eb96a0c664fa33319b2e4f0ed89b2 (dir "/data/fwbuild-volumes/2.17.0/apps/MOS_IOT_ADDRESSABLE_LEDS/esp8266/build_contexts/build_ctx_503585193/deps/rpc-ws")
rpc-ws: Prepared local dir: "/data/fwbuild-volumes/2.17.0/apps/MOS_IOT_ADDRESSABLE_LEDS/esp8266/build_contexts/build_ctx_503585193/deps/rpc-ws"
ota-shadow: Hash unchanged at b3b148e5c6c21ae226143c1f8025facea51228fc (dir "/data/fwbuild-volumes/2.17.0/apps/MOS_IOT_ADDRESSABLE_LEDS/esp8266/build_contexts/build_ctx_503585193/deps/ota-shadow")
ota-shadow: Prepared local dir: "/data/fwbuild-volumes/2.17.0/apps/MOS_IOT_ADDRESSABLE_LEDS/esp8266/build_contexts/build_ctx_503585193/deps/ota-shadow"
shadow: Hash unchanged at 0be68cac8bbfeb1e45b5a516118243cecce1ec8f (dir "/data/fwbuild-volumes/2.17.0/apps/MOS_IOT_ADDRESSABLE_LEDS/esp8266/build_contexts/build_ctx_503585193/deps/shadow")
shadow: Prepared local dir: "/data/fwbuild-volumes/2.17.0/apps/MOS_IOT_ADDRESSABLE_LEDS/esp8266/build_contexts/build_ctx_503585193/deps/shadow"
Handling lib "mbedtls"...
Handling lib "vfs-common"...
vfs-common: Checking out 2.17.0...
mbedtls: Checking out 2.17.0...
vfs-common: Done, hash 6e0af5a5e886b051160c9948218c7419c662e1e3
vfs-common: Hash unchanged at 6e0af5a5e886b051160c9948218c7419c662e1e3 (dir "/data/fwbuild-volumes/2.17.0/apps/MOS_IOT_ADDRESSABLE_LEDS/esp8266/build_contexts/build_ctx_503585193/deps/vfs-common")
vfs-common: Prepared local dir: "/data/fwbuild-volumes/2.17.0/apps/MOS_IOT_ADDRESSABLE_LEDS/esp8266/build_contexts/build_ctx_503585193/deps/vfs-common"
mbedtls: Done, hash ec0fd0c129ce35edb64ec45f512a42e76ef64623
mbedtls: Hash unchanged at ec0fd0c129ce35edb64ec45f512a42e76ef64623 (dir "/data/fwbuild-volumes/2.17.0/apps/MOS_IOT_ADDRESSABLE_LEDS/esp8266/build_contexts/build_ctx_503585193/deps/mbedtls")
mbedtls: Prepared local dir: "/data/fwbuild-volumes/2.17.0/apps/MOS_IOT_ADDRESSABLE_LEDS/esp8266/build_contexts/build_ctx_503585193/deps/mbedtls"
Handling lib "ota-common"...
ota-common: Checking out 2.17.0...
ota-common: Done, hash 8a552a23da06f8d9e9e50b0c2c46680c8a875c30
ota-common: Hash unchanged at 8a552a23da06f8d9e9e50b0c2c46680c8a875c30 (dir "/data/fwbuild-volumes/2.17.0/apps/MOS_IOT_ADDRESSABLE_LEDS/esp8266/build_contexts/build_ctx_503585193/deps/ota-common")
ota-common: Prepared local dir: "/data/fwbuild-volumes/2.17.0/apps/MOS_IOT_ADDRESSABLE_LEDS/esp8266/build_contexts/build_ctx_503585193/deps/ota-common"
Handling lib "atca"...
atca: Checking out 2.17.0...
atca: Done, hash 8fc5370f2244244e91973316bac28fd5a19528f9
atca: Hash unchanged at 8fc5370f2244244e91973316bac28fd5a19528f9 (dir "/data/fwbuild-volumes/2.17.0/apps/MOS_IOT_ADDRESSABLE_LEDS/esp8266/build_contexts/build_ctx_503585193/deps/atca")
atca: Prepared local dir: "/data/fwbuild-volumes/2.17.0/apps/MOS_IOT_ADDRESSABLE_LEDS/esp8266/build_contexts/build_ctx_503585193/deps/atca"
Handling lib "i2c"...
i2c: Checking out 2.17.0...
i2c: Done, hash adf8fa47daa2b8d0e1a5b729f095f77e85e6797b
i2c: Hash unchanged at adf8fa47daa2b8d0e1a5b729f095f77e85e6797b (dir "/data/fwbuild-volumes/2.17.0/apps/MOS_IOT_ADDRESSABLE_LEDS/esp8266/build_contexts/build_ctx_503585193/deps/i2c")
i2c: Prepared local dir: "/data/fwbuild-volumes/2.17.0/apps/MOS_IOT_ADDRESSABLE_LEDS/esp8266/build_contexts/build_ctx_503585193/deps/i2c"
Handling lib "vfs-dev-part"...
Handling lib "vfs-fs-lfs"...
Handling lib "vfs-fs-spiffs"...
vfs-fs-spiffs: Checking out 2.17.0...
vfs-fs-lfs: Checking out 2.17.0...
vfs-dev-part: Checking out 2.17.0...
vfs-dev-part: Done, hash 94426df449f807e4268e1d1a3ee5146da85902da
vfs-fs-spiffs: Done, hash 12850caac96f1ea6278d21a661d93a11228de4c3
vfs-fs-lfs: Done, hash c62bb1e71eadacda195ae550b767bca4d3452c6a
vfs-dev-part: Hash unchanged at 94426df449f807e4268e1d1a3ee5146da85902da (dir "/data/fwbuild-volumes/2.17.0/apps/MOS_IOT_ADDRESSABLE_LEDS/esp8266/build_contexts/build_ctx_503585193/deps/vfs-dev-part")
vfs-dev-part: Prepared local dir: "/data/fwbuild-volumes/2.17.0/apps/MOS_IOT_ADDRESSABLE_LEDS/esp8266/build_contexts/build_ctx_503585193/deps/vfs-dev-part"
vfs-fs-spiffs: Hash unchanged at 12850caac96f1ea6278d21a661d93a11228de4c3 (dir "/data/fwbuild-volumes/2.17.0/apps/MOS_IOT_ADDRESSABLE_LEDS/esp8266/build_contexts/build_ctx_503585193/deps/vfs-fs-spiffs")
vfs-fs-spiffs: Prepared local dir: "/data/fwbuild-volumes/2.17.0/apps/MOS_IOT_ADDRESSABLE_LEDS/esp8266/build_contexts/build_ctx_503585193/deps/vfs-fs-spiffs"
vfs-fs-lfs: Hash unchanged at c62bb1e71eadacda195ae550b767bca4d3452c6a (dir "/data/fwbuild-volumes/2.17.0/apps/MOS_IOT_ADDRESSABLE_LEDS/esp8266/build_contexts/build_ctx_503585193/deps/vfs-fs-lfs")
vfs-fs-lfs: Prepared local dir: "/data/fwbuild-volumes/2.17.0/apps/MOS_IOT_ADDRESSABLE_LEDS/esp8266/build_contexts/build_ctx_503585193/deps/vfs-fs-lfs"
Handling lib "wifi"...
wifi: Checking out 2.17.0...
wifi: Done, hash 851f55fda6d1b873284d5c4847bec3f13bcc638f
wifi: Hash unchanged at 851f55fda6d1b873284d5c4847bec3f13bcc638f (dir "/data/fwbuild-volumes/2.17.0/apps/MOS_IOT_ADDRESSABLE_LEDS/esp8266/build_contexts/build_ctx_503585193/deps/wifi")
wifi: Prepared local dir: "/data/fwbuild-volumes/2.17.0/apps/MOS_IOT_ADDRESSABLE_LEDS/esp8266/build_contexts/build_ctx_503585193/deps/wifi"
The flag --module is not given for the module "mjs_module", going to use the repository
mjs_module: Checking out 2.17.0...
mjs_module: Done, hash 50f47be8c6232e34256756159d5f97796106a006
The flag --repo is not given, going to use mongoose-os repository
mongoose-os: Checking out 2.17.0...
mongoose-os: Done, hash c31a7453f6754f80acab6b1b229fc097bf411f37
Prebuilt binary for "mbedtls" already exists at "/data/fwbuild-volumes/2.17.0/apps/MOS_IOT_ADDRESSABLE_LEDS/esp8266/build_contexts/build_ctx_503585193/build/objs/libmbedtls-esp8266-2.17.0.a"
Prebuilt binary for "mongoose" already exists at "/data/fwbuild-volumes/2.17.0/apps/MOS_IOT_ADDRESSABLE_LEDS/esp8266/build_contexts/build_ctx_503585193/build/objs/libmongoose-esp8266-2.17.0.a"
Prebuilt binary for "ota-common" already exists at "/data/fwbuild-volumes/2.17.0/apps/MOS_IOT_ADDRESSABLE_LEDS/esp8266/build_contexts/build_ctx_503585193/build/objs/libota-common-esp8266-2.17.0.a"
Prebuilt binary for "ota-http-client" already exists at "/data/fwbuild-volumes/2.17.0/apps/MOS_IOT_ADDRESSABLE_LEDS/esp8266/build_contexts/build_ctx_503585193/build/objs/libota-http-client-esp8266-2.17.0.a"
Prebuilt binary for "ota-shadow" already exists at "/data/fwbuild-volumes/2.17.0/apps/MOS_IOT_ADDRESSABLE_LEDS/esp8266/build_contexts/build_ctx_503585193/build/objs/libota-shadow-esp8266-2.17.0.a"
Prebuilt binary for "dash" already exists at "/data/fwbuild-volumes/2.17.0/apps/MOS_IOT_ADDRESSABLE_LEDS/esp8266/build_contexts/build_ctx_503585193/build/objs/libdash-esp8266-2.17.0.a"
Prebuilt binary for "rpc-service-ota" already exists at "/data/fwbuild-volumes/2.17.0/apps/MOS_IOT_ADDRESSABLE_LEDS/esp8266/build_contexts/build_ctx_503585193/build/objs/librpc-service-ota-esp8266-2.17.0.a"
Sources: [/data/fwbuild-volumes/2.17.0/apps/MOS_IOT_ADDRESSABLE_LEDS/esp8266/build_contexts/build_ctx_503585193/build/gen/mgos_deps_init.c /data/fwbuild-volumes/2.17.0/apps/MOS_IOT_ADDRESSABLE_LEDS/esp8266/build_contexts/build_ctx_503585193/deps/i2c/src/mgos_i2c_master.c /data/fwbuild-volumes/2.17.0/apps/MOS_IOT_ADDRESSABLE_LEDS/esp8266/build_contexts/build_ctx_503585193/deps/i2c/src/gpio/mgos_i2c_gpio_master.c /data/fwbuild-volumes/2.17.0/apps/MOS_IOT_ADDRESSABLE_LEDS/esp8266/build_contexts/build_ctx_503585193/deps/atca/src/mgos_atca.c /data/fwbuild-volumes/2.17.0/apps/MOS_IOT_ADDRESSABLE_LEDS/esp8266/build_contexts/build_ctx_503585193/deps/atca/src/mgos_atca_hal.c /data/fwbuild-volumes/2.17.0/apps/MOS_IOT_ADDRESSABLE_LEDS/esp8266/build_contexts/build_ctx_503585193/deps/atca/cryptoauthlib/lib/atca_cfgs.c /data/fwbuild-volumes/2.17.0/apps/MOS_IOT_ADDRESSABLE_LEDS/esp8266/build_contexts/build_ctx_503585193/deps/atca/cryptoauthlib/lib/atca_command.c /data/fwbuild-volumes/2.17.0/apps/MOS_IOT_ADDRESSABLE_LEDS/esp8266/build_contexts/build_ctx_503585193/deps/atca/cryptoauthlib/lib/atca_device.c /data/fwbuild-volumes/2.17.0/apps/MOS_IOT_ADDRESSABLE_LEDS/esp8266/build_contexts/build_ctx_503585193/deps/atca/cryptoauthlib/lib/atca_execution.c /data/fwbuild-volumes/2.17.0/apps/MOS_IOT_ADDRESSABLE_LEDS/esp8266/build_contexts/build_ctx_503585193/deps/atca/cryptoauthlib/lib/atca_iface.c /data/fwbuild-volumes/2.17.0/apps/MOS_IOT_ADDRESSABLE_LEDS/esp8266/build_contexts/build_ctx_503585193/deps/atca/cryptoauthlib/lib/basic/atca_basic.c /data/fwbuild-volumes/2.17.0/apps/MOS_IOT_ADDRESSABLE_LEDS/esp8266/build_contexts/build_ctx_503585193/deps/atca/cryptoauthlib/lib/basic/atca_basic_aes.c /data/fwbuild-volumes/2.17.0/apps/MOS_IOT_ADDRESSABLE_LEDS/esp8266/build_contexts/build_ctx_503585193/deps/atca/cryptoauthlib/lib/basic/atca_basic_aes_cbc.c /data/fwbuild-volumes/2.17.0/apps/MOS_IOT_ADDRESSABLE_LEDS/esp8266/build_contexts/build_ctx_503585193/deps/atca/cryptoauthlib/lib/basic/atca_basic_aes_cmac.c /data/fwbuild-volumes/2.17.0/apps/MOS_IOT_ADDRESSABLE_LEDS/esp8266/build_contexts/build_ctx_503585193/deps/atca/cryptoauthlib/lib/basic/atca_basic_aes_ctr.c /data/fwbuild-volumes/2.17.0/apps/MOS_IOT_ADDRESSABLE_LEDS/esp8266/build_contexts/build_ctx_503585193/deps/atca/cryptoauthlib/lib/basic/atca_basic_aes_gcm.c /data/fwbuild-volumes/2.17.0/apps/MOS_IOT_ADDRESSABLE_LEDS/esp8266/build_contexts/build_ctx_503585193/deps/atca/cryptoauthlib/lib/basic/atca_basic_checkmac.c /data/fwbuild-volumes/2.17.0/apps/MOS_IOT_ADDRESSABLE_LEDS/esp8266/build_contexts/build_ctx_503585193/deps/atca/cryptoauthlib/lib/basic/atca_basic_counter.c /data/fwbuild-volumes/2.17.0/apps/MOS_IOT_ADDRESSABLE_LEDS/esp8266/build_contexts/build_ctx_503585193/deps/atca/cryptoauthlib/lib/basic/atca_basic_derivekey.c /data/fwbuild-volumes/2.17.0/apps/MOS_IOT_ADDRESSABLE_LEDS/esp8266/build_contexts/build_ctx_503585193/deps/atca/cryptoauthlib/lib/basic/atca_basic_ecdh.c /data/fwbuild-volumes/2.17.0/apps/MOS_IOT_ADDRESSABLE_LEDS/esp8266/build_contexts/build_ctx_503585193/deps/atca/cryptoauthlib/lib/basic/atca_basic_gendig.c /data/fwbuild-volumes/2.17.0/apps/MOS_IOT_ADDRESSABLE_LEDS/esp8266/build_contexts/build_ctx_503585193/deps/atca/cryptoauthlib/lib/basic/atca_basic_genkey.c /data/fwbuild-volumes/2.17.0/apps/MOS_IOT_ADDRESSABLE_LEDS/esp8266/build_contexts/build_ctx_503585193/deps/atca/cryptoauthlib/lib/basic/atca_basic_hmac.c /data/fwbuild-volumes/2.17.0/apps/MOS_IOT_ADDRESSABLE_LEDS/esp8266/build_contexts/build_ctx_503585193/deps/atca/cryptoauthlib/lib/basic/atca_basic_info.c /data/fwbuild-volumes/2.17.0/apps/MOS_IOT_ADDRESSABLE_LEDS/esp8266/build_contexts/build_ctx_503585193/deps/atca/cryptoauthlib/lib/basic/atca_basic_kdf.c /data/fwbuild-volumes/2.17.0/apps/MOS_IOT_ADDRESSABLE_LEDS/esp8266/build_contexts/build_ctx_503585193/deps/atca/cryptoauthlib/lib/basic/atca_basic_lock.c /data/fwbuild-volumes/2.17.0/apps/MOS_IOT_ADDRESSABLE_LEDS/esp8266/build_contexts/build_ctx_503585193/deps/atca/cryptoauthlib/lib/basic/atca_basic_mac.c /data/fwbuild-volumes/2.17.0/apps/MOS_IOT_ADDRESSABLE_LEDS/esp8266/build_contexts/build_ctx_503585193/deps/atca/cryptoauthlib/lib/basic/atca_basic_nonce.c /data/fwbuild-volumes/2.17.0/apps/MOS_IOT_ADDRESSABLE_LEDS/esp8266/build_contexts/build_ctx_503585193/deps/atca/cryptoauthlib/lib/basic/atca_basic_privwrite.c /data/fwbuild-volumes/2.17.0/apps/MOS_IOT_ADDRESSABLE_LEDS/esp8266/build_contexts/build_ctx_503585193/deps/atca/cryptoauthlib/lib/basic/atca_basic_random.c /data/fwbuild-volumes/2.17.0/apps/MOS_IOT_ADDRESSABLE_LEDS/esp8266/build_contexts/build_ctx_503585193/deps/atca/cryptoauthlib/lib/basic/atca_basic_read.c /data/fwbuild-volumes/2.17.0/apps/MOS_IOT_ADDRESSABLE_LEDS/esp8266/build_contexts/build_ctx_503585193/deps/atca/cryptoauthlib/lib/basic/atca_basic_secureboot.c /data/fwbuild-volumes/2.17.0/apps/MOS_IOT_ADDRESSABLE_LEDS/esp8266/build_contexts/build_ctx_503585193/deps/atca/cryptoauthlib/lib/basic/atca_basic_selftest.c /data/fwbuild-volumes/2.17.0/apps/MOS_IOT_ADDRESSABLE_LEDS/esp8266/build_contexts/build_ctx_503585193/deps/atca/cryptoauthlib/lib/basic/atca_basic_sha.c /data/fwbuild-volumes/2.17.0/apps/MOS_IOT_ADDRESSABLE_LEDS/esp8266/build_contexts/build_ctx_503585193/deps/atca/cryptoauthlib/lib/basic/atca_basic_sign.c /data/fwbuild-volumes/2.17.0/apps/MOS_IOT_ADDRESSABLE_LEDS/esp8266/build_contexts/build_ctx_503585193/deps/atca/cryptoauthlib/lib/basic/atca_basic_updateextra.c /data/fwbuild-volumes/2.17.0/apps/MOS_IOT_ADDRESSABLE_LEDS/esp8266/build_contexts/build_ctx_503585193/deps/atca/cryptoauthlib/lib/basic/atca_basic_verify.c /data/fwbuild-volumes/2.17.0/apps/MOS_IOT_ADDRESSABLE_LEDS/esp8266/build_contexts/build_ctx_503585193/deps/atca/cryptoauthlib/lib/basic/atca_basic_write.c /data/fwbuild-volumes/2.17.0/apps/MOS_IOT_ADDRESSABLE_LEDS/esp8266/build_contexts/build_ctx_503585193/deps/atca/cryptoauthlib/lib/basic/atca_helpers.c /data/fwbuild-volumes/2.17.0/apps/MOS_IOT_ADDRESSABLE_LEDS/esp8266/build_contexts/build_ctx_503585193/deps/atca/cryptoauthlib/lib/host/atca_host.c /data/fwbuild-volumes/2.17.0/apps/MOS_IOT_ADDRESSABLE_LEDS/esp8266/build_contexts/build_ctx_503585193/deps/atca/cryptoauthlib/lib/mbedtls/atca_mbedtls_wrap.c /data/fwbuild-volumes/2.17.0/apps/MOS_IOT_ADDRESSABLE_LEDS/esp8266/build_contexts/build_ctx_503585193/deps/vfs-common/src/mgos_vfs.c /data/fwbuild-volumes/2.17.0/apps/MOS_IOT_ADDRESSABLE_LEDS/esp8266/build_contexts/build_ctx_503585193/deps/vfs-common/src/mgos_vfs_dev.c /data/fwbuild-volumes/2.17.0/apps/MOS_IOT_ADDRESSABLE_LEDS/esp8266/build_contexts/build_ctx_503585193/deps/vfs-common/src/mgos_vfs_internal.c /data/fwbuild-volumes/2.17.0/apps/MOS_IOT_ADDRESSABLE_LEDS/esp8266/build_contexts/build_ctx_503585193/deps/vfs-common/src/esp8266/esp_flash_writer.c /data/fwbuild-volumes/2.17.0/apps/MOS_IOT_ADDRESSABLE_LEDS/esp8266/build_contexts/build_ctx_503585193/deps/vfs-common/src/esp8266/esp_fs.c /data/fwbuild-volumes/2.17.0/apps/MOS_IOT_ADDRESSABLE_LEDS/esp8266/build_contexts/build_ctx_503585193/deps/vfs-common/src/esp8266/esp_vfs_dev_sysflash.c /data/fwbuild-volumes/2.17.0/apps/MOS_IOT_ADDRESSABLE_LEDS/esp8266/build_contexts/build_ctx_503585193/deps/vfs-dev-part/src/mgos_vfs_dev_part.c /data/fwbuild-volumes/2.17.0/apps/MOS_IOT_ADDRESSABLE_LEDS/esp8266/build_contexts/build_ctx_503585193/deps/vfs-fs-lfs/src/mgos_vfs_lfs.c /data/fwbuild-volumes/2.17.0/apps/MOS_IOT_ADDRESSABLE_LEDS/esp8266/build_contexts/build_ctx_503585193/deps/vfs-fs-lfs/littlefs/lfs.c /data/fwbuild-volumes/2.17.0/apps/MOS_IOT_ADDRESSABLE_LEDS/esp8266/build_contexts/build_ctx_503585193/deps/vfs-fs-lfs/littlefs/lfs_util.c /data/fwbuild-volumes/2.17.0/apps/MOS_IOT_ADDRESSABLE_LEDS/esp8266/build_contexts/build_ctx_503585193/deps/vfs-fs-lfs/littlefs1/lfs1.c /data/fwbuild-volumes/2.17.0/apps/MOS_IOT_ADDRESSABLE_LEDS/esp8266/build_contexts/build_ctx_503585193/deps/vfs-fs-lfs/littlefs1/lfs1_util.c /data/fwbuild-volumes/2.17.0/apps/MOS_IOT_ADDRESSABLE_LEDS/esp8266/build_contexts/build_ctx_503585193/deps/vfs-fs-spiffs/src/mgos_vfs_fs_spiffs.c /data/fwbuild-volumes/2.17.0/apps/MOS_IOT_ADDRESSABLE_LEDS/esp8266/build_contexts/build_ctx_503585193/deps/vfs-fs-spiffs/src/spiffs/spiffs_cache.c /data/fwbuild-volumes/2.17.0/apps/MOS_IOT_ADDRESSABLE_LEDS/esp8266/build_contexts/build_ctx_503585193/deps/vfs-fs-spiffs/src/spiffs/spiffs_check.c /data/fwbuild-volumes/2.17.0/apps/MOS_IOT_ADDRESSABLE_LEDS/esp8266/build_contexts/build_ctx_503585193/deps/vfs-fs-spiffs/src/spiffs/spiffs_gc.c /data/fwbuild-volumes/2.17.0/apps/MOS_IOT_ADDRESSABLE_LEDS/esp8266/build_contexts/build_ctx_503585193/deps/vfs-fs-spiffs/src/spiffs/spiffs_hydrogen.c /data/fwbuild-volumes/2.17.0/apps/MOS_IOT_ADDRESSABLE_LEDS/esp8266/build_contexts/build_ctx_503585193/deps/vfs-fs-spiffs/src/spiffs/spiffs_nucleus.c /data/fwbuild-volumes/2.17.0/apps/MOS_IOT_ADDRESSABLE_LEDS/esp8266/build_contexts/build_ctx_503585193/deps/core/src/mgos_core.c /data/fwbuild-volumes/2.17.0/apps/MOS_IOT_ADDRESSABLE_LEDS/esp8266/build_contexts/build_ctx_503585193/deps/core/src/esp8266/esp_rboot.c /data/fwbuild-volumes/2.17.0/apps/MOS_IOT_ADDRESSABLE_LEDS/esp8266/build_contexts/build_ctx_503585193/deps/shadow/src/mgos_shadow.c /data/fwbuild-volumes/2.17.0/apps/MOS_IOT_ADDRESSABLE_LEDS/esp8266/build_contexts/build_ctx_503585193/deps/rpc-common/src/mg_rpc.c /data/fwbuild-volumes/2.17.0/apps/MOS_IOT_ADDRESSABLE_LEDS/esp8266/build_contexts/build_ctx_503585193/deps/rpc-common/src/mg_rpc_channel.c /data/fwbuild-volumes/2.17.0/apps/MOS_IOT_ADDRESSABLE_LEDS/esp8266/build_contexts/build_ctx_503585193/deps/rpc-common/src/mg_rpc_channel_http.c /data/fwbuild-volumes/2.17.0/apps/MOS_IOT_ADDRESSABLE_LEDS/esp8266/build_contexts/build_ctx_503585193/deps/rpc-common/src/mgos_rpc.c /data/fwbuild-volumes/2.17.0/apps/MOS_IOT_ADDRESSABLE_LEDS/esp8266/build_contexts/build_ctx_503585193/deps/rpc-ws/src/mgos_rpc_channel_ws.c /data/fwbuild-volumes/2.17.0/apps/MOS_IOT_ADDRESSABLE_LEDS/esp8266/build_contexts/build_ctx_503585193/deps/rpc-ws/src/mgos_rpc_ws.c /data/fwbuild-volumes/2.17.0/apps/MOS_IOT_ADDRESSABLE_LEDS/esp8266/build_contexts/build_ctx_503585193/deps/mjs/src/mos_mjs.c /data/fwbuild-volumes/2.17.0/apps/MOS_IOT_ADDRESSABLE_LEDS/esp8266/build_contexts/build_ctx_503585193/deps/modules/mjs/mjs.c /data/fwbuild-volumes/2.17.0/apps/MOS_IOT_ADDRESSABLE_LEDS/esp8266/build_contexts/build_ctx_503585193/deps/mjs/esp8266/src/esp8266_mjs.c /data/fwbuild-volumes/2.17.0/apps/MOS_IOT_ADDRESSABLE_LEDS/esp8266/build_contexts/build_ctx_503585193/deps/neopixel/src/mgos_neopixel.c /data/fwbuild-volumes/2.17.0/apps/MOS_IOT_ADDRESSABLE_LEDS/esp8266/build_contexts/build_ctx_503585193/deps/rpc-service-config/src/mgos_service_config.c /data/fwbuild-volumes/2.17.0/apps/MOS_IOT_ADDRESSABLE_LEDS/esp8266/build_contexts/build_ctx_503585193/deps/rpc-service-fs/src/mgos_service_fs.c /data/fwbuild-volumes/2.17.0/apps/MOS_IOT_ADDRESSABLE_LEDS/esp8266/build_contexts/build_ctx_503585193/deps/rpc-uart/src/mgos_rpc_channel_uart.c /data/fwbuild-volumes/2.17.0/apps/MOS_IOT_ADDRESSABLE_LEDS/esp8266/build_contexts/build_ctx_503585193/deps/wifi/src/mgos_wifi.c /data/fwbuild-volumes/2.17.0/apps/MOS_IOT_ADDRESSABLE_LEDS/esp8266/build_contexts/build_ctx_503585193/deps/wifi/src/mjs_wifi.c /data/fwbuild-volumes/2.17.0/apps/MOS_IOT_ADDRESSABLE_LEDS/esp8266/build_contexts/build_ctx_503585193/deps/wifi/src/esp8266/esp_wifi.c]
Include dirs: [/data/fwbuild-volumes/2.17.0/apps/MOS_IOT_ADDRESSABLE_LEDS/esp8266/build_contexts/build_ctx_503585193/deps/i2c/include /data/fwbuild-volumes/2.17.0/apps/MOS_IOT_ADDRESSABLE_LEDS/esp8266/build_contexts/build_ctx_503585193/deps/atca/include /data/fwbuild-volumes/2.17.0/apps/MOS_IOT_ADDRESSABLE_LEDS/esp8266/build_contexts/build_ctx_503585193/deps/atca/cryptoauthlib/lib /data/fwbuild-volumes/2.17.0/apps/MOS_IOT_ADDRESSABLE_LEDS/esp8266/build_contexts/build_ctx_503585193/deps/atca/cryptoauthlib/lib/crypto /data/fwbuild-volumes/2.17.0/apps/MOS_IOT_ADDRESSABLE_LEDS/esp8266/build_contexts/build_ctx_503585193/deps/atca/cryptoauthlib/lib/hal /data/fwbuild-volumes/2.17.0/apps/MOS_IOT_ADDRESSABLE_LEDS/esp8266/build_contexts/build_ctx_503585193/deps/mbedtls/include /data/fwbuild-volumes/2.17.0/apps/MOS_IOT_ADDRESSABLE_LEDS/esp8266/build_contexts/build_ctx_503585193/deps/mbedtls/include/esp8266 /data/fwbuild-volumes/2.17.0/apps/MOS_IOT_ADDRESSABLE_LEDS/esp8266/build_contexts/build_ctx_503585193/deps/mbedtls/mbedtls/include /data/fwbuild-volumes/2.17.0/apps/MOS_IOT_ADDRESSABLE_LEDS/esp8266/build_contexts/build_ctx_503585193/deps/vfs-common/include /data/fwbuild-volumes/2.17.0/apps/MOS_IOT_ADDRESSABLE_LEDS/esp8266/build_contexts/build_ctx_503585193/deps/vfs-common/include/esp8266 /data/fwbuild-volumes/2.17.0/apps/MOS_IOT_ADDRESSABLE_LEDS/esp8266/build_contexts/build_ctx_503585193/deps/mongoose/include /data/fwbuild-volumes/2.17.0/apps/MOS_IOT_ADDRESSABLE_LEDS/esp8266/build_contexts/build_ctx_503585193/deps/vfs-dev-part/include /data/fwbuild-volumes/2.17.0/apps/MOS_IOT_ADDRESSABLE_LEDS/esp8266/build_contexts/build_ctx_503585193/deps/vfs-fs-lfs/include /data/fwbuild-volumes/2.17.0/apps/MOS_IOT_ADDRESSABLE_LEDS/esp8266/build_contexts/build_ctx_503585193/deps/vfs-fs-lfs/littlefs /data/fwbuild-volumes/2.17.0/apps/MOS_IOT_ADDRESSABLE_LEDS/esp8266/build_contexts/build_ctx_503585193/deps/vfs-fs-lfs/littlefs1 /data/fwbuild-volumes/2.17.0/apps/MOS_IOT_ADDRESSABLE_LEDS/esp8266/build_contexts/build_ctx_503585193/deps/vfs-fs-spiffs/include /data/fwbuild-volumes/2.17.0/apps/MOS_IOT_ADDRESSABLE_LEDS/esp8266/build_contexts/build_ctx_503585193/deps/vfs-fs-spiffs/include/spiffs /data/fwbuild-volumes/2.17.0/apps/MOS_IOT_ADDRESSABLE_LEDS/esp8266/build_contexts/build_ctx_503585193/deps/vfs-fs-spiffs/include/esp8266 /data/fwbuild-volumes/2.17.0/apps/MOS_IOT_ADDRESSABLE_LEDS/esp8266/build_contexts/build_ctx_503585193/deps/core/include /data/fwbuild-volumes/2.17.0/apps/MOS_IOT_ADDRESSABLE_LEDS/esp8266/build_contexts/build_ctx_503585193/deps/core/include/esp8266 /data/fwbuild-volumes/2.17.0/apps/MOS_IOT_ADDRESSABLE_LEDS/esp8266/build_contexts/build_ctx_503585193/deps/ota-common/src /data/fwbuild-volumes/2.17.0/apps/MOS_IOT_ADDRESSABLE_LEDS/esp8266/build_contexts/build_ctx_503585193/deps/ota-common/include /data/fwbuild-volumes/2.17.0/apps/MOS_IOT_ADDRESSABLE_LEDS/esp8266/build_contexts/build_ctx_503585193/deps/ota-common/include/esp8266 /data/fwbuild-volumes/2.17.0/apps/MOS_IOT_ADDRESSABLE_LEDS/esp8266/build_contexts/build_ctx_503585193/deps/ota-http-client/include /data/fwbuild-volumes/2.17.0/apps/MOS_IOT_ADDRESSABLE_LEDS/esp8266/build_contexts/build_ctx_503585193/deps/shadow/include /data/fwbuild-volumes/2.17.0/apps/MOS_IOT_ADDRESSABLE_LEDS/esp8266/build_contexts/build_ctx_503585193/deps/rpc-common/include /data/fwbuild-volumes/2.17.0/apps/MOS_IOT_ADDRESSABLE_LEDS/esp8266/build_contexts/build_ctx_503585193/deps/rpc-ws/include /data/fwbuild-volumes/2.17.0/apps/MOS_IOT_ADDRESSABLE_LEDS/esp8266/build_contexts/build_ctx_503585193/deps/dash/include /data/fwbuild-volumes/2.17.0/apps/MOS_IOT_ADDRESSABLE_LEDS/esp8266/build_contexts/build_ctx_503585193/deps/mjs/include /data/fwbuild-volumes/2.17.0/apps/MOS_IOT_ADDRESSABLE_LEDS/esp8266/build_contexts/build_ctx_503585193/deps/neopixel/include /data/fwbuild-volumes/2.17.0/apps/MOS_IOT_ADDRESSABLE_LEDS/esp8266/build_contexts/build_ctx_503585193/deps/rpc-service-config/include /data/fwbuild-volumes/2.17.0/apps/MOS_IOT_ADDRESSABLE_LEDS/esp8266/build_contexts/build_ctx_503585193/deps/rpc-service-fs/include /data/fwbuild-volumes/2.17.0/apps/MOS_IOT_ADDRESSABLE_LEDS/esp8266/build_contexts/build_ctx_503585193/deps/rpc-service-ota/include /data/fwbuild-volumes/2.17.0/apps/MOS_IOT_ADDRESSABLE_LEDS/esp8266/build_contexts/build_ctx_503585193/deps/rpc-uart/include /data/fwbuild-volumes/2.17.0/apps/MOS_IOT_ADDRESSABLE_LEDS/esp8266/build_contexts/build_ctx_503585193/deps/wifi/include /data/fwbuild-volumes/2.17.0/apps/MOS_IOT_ADDRESSABLE_LEDS/esp8266/build_contexts/build_ctx_503585193/deps/wifi/include/esp8266]
Binary libs: [/data/fwbuild-volumes/2.17.0/apps/MOS_IOT_ADDRESSABLE_LEDS/esp8266/build_contexts/build_ctx_503585193/build/objs/libmbedtls-esp8266-2.17.0.a /data/fwbuild-volumes/2.17.0/apps/MOS_IOT_ADDRESSABLE_LEDS/esp8266/build_contexts/build_ctx_503585193/build/objs/libmongoose-esp8266-2.17.0.a /data/fwbuild-volumes/2.17.0/apps/MOS_IOT_ADDRESSABLE_LEDS/esp8266/build_contexts/build_ctx_503585193/build/objs/libota-common-esp8266-2.17.0.a /data/fwbuild-volumes/2.17.0/apps/MOS_IOT_ADDRESSABLE_LEDS/esp8266/build_contexts/build_ctx_503585193/build/objs/libota-http-client-esp8266-2.17.0.a /data/fwbuild-volumes/2.17.0/apps/MOS_IOT_ADDRESSABLE_LEDS/esp8266/build_contexts/build_ctx_503585193/build/objs/libota-shadow-esp8266-2.17.0.a /data/fwbuild-volumes/2.17.0/apps/MOS_IOT_ADDRESSABLE_LEDS/esp8266/build_contexts/build_ctx_503585193/build/objs/libdash-esp8266-2.17.0.a /data/fwbuild-volumes/2.17.0/apps/MOS_IOT_ADDRESSABLE_LEDS/esp8266/build_contexts/build_ctx_503585193/build/objs/librpc-service-ota-esp8266-2.17.0.a]
Building...
mount from "/data/fwbuild-volumes/2.17.0/apps/MOS_IOT_ADDRESSABLE_LEDS/esp8266/build_contexts/build_ctx_503585193" to "/app"
mount from "/data/fwbuild-volumes/2.17.0/apps/MOS_IOT_ADDRESSABLE_LEDS/esp8266/build_contexts/build_ctx_503585193/deps/modules/mongoose-os" to "/mongoose-os"
mount from "/data/fwbuild-volumes/2.17.0/apps/MOS_IOT_ADDRESSABLE_LEDS/esp8266/build_contexts/build_ctx_503585193/deps/modules/mongoose-os" to "/data/fwbuild-volumes/2.17.0/apps/MOS_IOT_ADDRESSABLE_LEDS/esp8266/build_contexts/build_ctx_503585193/deps/modules/mongoose-os"
mount from "/data/fwbuild-volumes/2.17.0/apps/MOS_IOT_ADDRESSABLE_LEDS/esp8266/build_contexts/build_ctx_503585193/build" to "/data/fwbuild-volumes/2.17.0/apps/MOS_IOT_ADDRESSABLE_LEDS/esp8266/build_contexts/build_ctx_503585193/build"
mount from "/data/fwbuild-volumes/2.17.0/apps/MOS_IOT_ADDRESSABLE_LEDS/esp8266/build_contexts/build_ctx_503585193/build/gen" to "/data/fwbuild-volumes/2.17.0/apps/MOS_IOT_ADDRESSABLE_LEDS/esp8266/build_contexts/build_ctx_503585193/build/gen"
mount from "/data/fwbuild-volumes/2.17.0/apps/MOS_IOT_ADDRESSABLE_LEDS/esp8266/build_contexts/build_ctx_503585193/deps/i2c/src" to "/data/fwbuild-volumes/2.17.0/apps/MOS_IOT_ADDRESSABLE_LEDS/esp8266/build_contexts/build_ctx_503585193/deps/i2c/src"
mount from "/data/fwbuild-volumes/2.17.0/apps/MOS_IOT_ADDRESSABLE_LEDS/esp8266/build_contexts/build_ctx_503585193/deps/i2c/src/gpio" to "/data/fwbuild-volumes/2.17.0/apps/MOS_IOT_ADDRESSABLE_LEDS/esp8266/build_contexts/build_ctx_503585193/deps/i2c/src/gpio"
mount from "/data/fwbuild-volumes/2.17.0/apps/MOS_IOT_ADDRESSABLE_LEDS/esp8266/build_contexts/build_ctx_503585193/deps/atca/src" to "/data/fwbuild-volumes/2.17.0/apps/MOS_IOT_ADDRESSABLE_LEDS/esp8266/build_contexts/build_ctx_503585193/deps/atca/src"
mount from "/data/fwbuild-volumes/2.17.0/apps/MOS_IOT_ADDRESSABLE_LEDS/esp8266/build_contexts/build_ctx_503585193/deps/atca/cryptoauthlib/lib" to "/data/fwbuild-volumes/2.17.0/apps/MOS_IOT_ADDRESSABLE_LEDS/esp8266/build_contexts/build_ctx_503585193/deps/atca/cryptoauthlib/lib"
mount from "/data/fwbuild-volumes/2.17.0/apps/MOS_IOT_ADDRESSABLE_LEDS/esp8266/build_contexts/build_ctx_503585193/deps/atca/cryptoauthlib/lib/basic" to "/data/fwbuild-volumes/2.17.0/apps/MOS_IOT_ADDRESSABLE_LEDS/esp8266/build_contexts/build_ctx_503585193/deps/atca/cryptoauthlib/lib/basic"
mount from "/data/fwbuild-volumes/2.17.0/apps/MOS_IOT_ADDRESSABLE_LEDS/esp8266/build_contexts/build_ctx_503585193/deps/atca/cryptoauthlib/lib/host" to "/data/fwbuild-volumes/2.17.0/apps/MOS_IOT_ADDRESSABLE_LEDS/esp8266/build_contexts/build_ctx_503585193/deps/atca/cryptoauthlib/lib/host"
mount from "/data/fwbuild-volumes/2.17.0/apps/MOS_IOT_ADDRESSABLE_LEDS/esp8266/build_contexts/build_ctx_503585193/deps/atca/cryptoauthlib/lib/mbedtls" to "/data/fwbuild-volumes/2.17.0/apps/MOS_IOT_ADDRESSABLE_LEDS/esp8266/build_contexts/build_ctx_503585193/deps/atca/cryptoauthlib/lib/mbedtls"
mount from "/data/fwbuild-volumes/2.17.0/apps/MOS_IOT_ADDRESSABLE_LEDS/esp8266/build_contexts/build_ctx_503585193/deps/vfs-common/src" to "/data/fwbuild-volumes/2.17.0/apps/MOS_IOT_ADDRESSABLE_LEDS/esp8266/build_contexts/build_ctx_503585193/deps/vfs-common/src"
mount from "/data/fwbuild-volumes/2.17.0/apps/MOS_IOT_ADDRESSABLE_LEDS/esp8266/build_contexts/build_ctx_503585193/deps/vfs-common/src/esp8266" to "/data/fwbuild-volumes/2.17.0/apps/MOS_IOT_ADDRESSABLE_LEDS/esp8266/build_contexts/build_ctx_503585193/deps/vfs-common/src/esp8266"
mount from "/data/fwbuild-volumes/2.17.0/apps/MOS_IOT_ADDRESSABLE_LEDS/esp8266/build_contexts/build_ctx_503585193/deps/vfs-dev-part/src" to "/data/fwbuild-volumes/2.17.0/apps/MOS_IOT_ADDRESSABLE_LEDS/esp8266/build_contexts/build_ctx_503585193/deps/vfs-dev-part/src"
mount from "/data/fwbuild-volumes/2.17.0/apps/MOS_IOT_ADDRESSABLE_LEDS/esp8266/build_contexts/build_ctx_503585193/deps/vfs-fs-lfs/src" to "/data/fwbuild-volumes/2.17.0/apps/MOS_IOT_ADDRESSABLE_LEDS/esp8266/build_contexts/build_ctx_503585193/deps/vfs-fs-lfs/src"
mount from "/data/fwbuild-volumes/2.17.0/apps/MOS_IOT_ADDRESSABLE_LEDS/esp8266/build_contexts/build_ctx_503585193/deps/vfs-fs-lfs/littlefs" to "/data/fwbuild-volumes/2.17.0/apps/MOS_IOT_ADDRESSABLE_LEDS/esp8266/build_contexts/build_ctx_503585193/deps/vfs-fs-lfs/littlefs"
mount from "/data/fwbuild-volumes/2.17.0/apps/MOS_IOT_ADDRESSABLE_LEDS/esp8266/build_contexts/build_ctx_503585193/deps/vfs-fs-lfs/littlefs1" to "/data/fwbuild-volumes/2.17.0/apps/MOS_IOT_ADDRESSABLE_LEDS/esp8266/build_contexts/build_ctx_503585193/deps/vfs-fs-lfs/littlefs1"
mount from "/data/fwbuild-volumes/2.17.0/apps/MOS_IOT_ADDRESSABLE_LEDS/esp8266/build_contexts/build_ctx_503585193/deps/vfs-fs-spiffs/src" to "/data/fwbuild-volumes/2.17.0/apps/MOS_IOT_ADDRESSABLE_LEDS/esp8266/build_contexts/build_ctx_503585193/deps/vfs-fs-spiffs/src"
mount from "/data/fwbuild-volumes/2.17.0/apps/MOS_IOT_ADDRESSABLE_LEDS/esp8266/build_contexts/build_ctx_503585193/deps/vfs-fs-spiffs/src/spiffs" to "/data/fwbuild-volumes/2.17.0/apps/MOS_IOT_ADDRESSABLE_LEDS/esp8266/build_contexts/build_ctx_503585193/deps/vfs-fs-spiffs/src/spiffs"
mount from "/data/fwbuild-volumes/2.17.0/apps/MOS_IOT_ADDRESSABLE_LEDS/esp8266/build_contexts/build_ctx_503585193/deps/core/src" to "/data/fwbuild-volumes/2.17.0/apps/MOS_IOT_ADDRESSABLE_LEDS/esp8266/build_contexts/build_ctx_503585193/deps/core/src"
mount from "/data/fwbuild-volumes/2.17.0/apps/MOS_IOT_ADDRESSABLE_LEDS/esp8266/build_contexts/build_ctx_503585193/deps/core/src/esp8266" to "/data/fwbuild-volumes/2.17.0/apps/MOS_IOT_ADDRESSABLE_LEDS/esp8266/build_contexts/build_ctx_503585193/deps/core/src/esp8266"
mount from "/data/fwbuild-volumes/2.17.0/apps/MOS_IOT_ADDRESSABLE_LEDS/esp8266/build_contexts/build_ctx_503585193/deps/shadow/src" to "/data/fwbuild-volumes/2.17.0/apps/MOS_IOT_ADDRESSABLE_LEDS/esp8266/build_contexts/build_ctx_503585193/deps/shadow/src"
mount from "/data/fwbuild-volumes/2.17.0/apps/MOS_IOT_ADDRESSABLE_LEDS/esp8266/build_contexts/build_ctx_503585193/deps/rpc-common/src" to "/data/fwbuild-volumes/2.17.0/apps/MOS_IOT_ADDRESSABLE_LEDS/esp8266/build_contexts/build_ctx_503585193/deps/rpc-common/src"
mount from "/data/fwbuild-volumes/2.17.0/apps/MOS_IOT_ADDRESSABLE_LEDS/esp8266/build_contexts/build_ctx_503585193/deps/rpc-ws/src" to "/data/fwbuild-volumes/2.17.0/apps/MOS_IOT_ADDRESSABLE_LEDS/esp8266/build_contexts/build_ctx_503585193/deps/rpc-ws/src"
mount from "/data/fwbuild-volumes/2.17.0/apps/MOS_IOT_ADDRESSABLE_LEDS/esp8266/build_contexts/build_ctx_503585193/deps/mjs/src" to "/data/fwbuild-volumes/2.17.0/apps/MOS_IOT_ADDRESSABLE_LEDS/esp8266/build_contexts/build_ctx_503585193/deps/mjs/src"
mount from "/data/fwbuild-volumes/2.17.0/apps/MOS_IOT_ADDRESSABLE_LEDS/esp8266/build_contexts/build_ctx_503585193/deps/modules/mjs" to "/data/fwbuild-volumes/2.17.0/apps/MOS_IOT_ADDRESSABLE_LEDS/esp8266/build_contexts/build_ctx_503585193/deps/modules/mjs"
mount from "/data/fwbuild-volumes/2.17.0/apps/MOS_IOT_ADDRESSABLE_LEDS/esp8266/build_contexts/build_ctx_503585193/deps/mjs/esp8266/src" to "/data/fwbuild-volumes/2.17.0/apps/MOS_IOT_ADDRESSABLE_LEDS/esp8266/build_contexts/build_ctx_503585193/deps/mjs/esp8266/src"
mount from "/data/fwbuild-volumes/2.17.0/apps/MOS_IOT_ADDRESSABLE_LEDS/esp8266/build_contexts/build_ctx_503585193/deps/neopixel/src" to "/data/fwbuild-volumes/2.17.0/apps/MOS_IOT_ADDRESSABLE_LEDS/esp8266/build_contexts/build_ctx_503585193/deps/neopixel/src"
mount from "/data/fwbuild-volumes/2.17.0/apps/MOS_IOT_ADDRESSABLE_LEDS/esp8266/build_contexts/build_ctx_503585193/deps/rpc-service-config/src" to "/data/fwbuild-volumes/2.17.0/apps/MOS_IOT_ADDRESSABLE_LEDS/esp8266/build_contexts/build_ctx_503585193/deps/rpc-service-config/src"
mount from "/data/fwbuild-volumes/2.17.0/apps/MOS_IOT_ADDRESSABLE_LEDS/esp8266/build_contexts/build_ctx_503585193/deps/rpc-service-fs/src" to "/data/fwbuild-volumes/2.17.0/apps/MOS_IOT_ADDRESSABLE_LEDS/esp8266/build_contexts/build_ctx_503585193/deps/rpc-service-fs/src"
mount from "/data/fwbuild-volumes/2.17.0/apps/MOS_IOT_ADDRESSABLE_LEDS/esp8266/build_contexts/build_ctx_503585193/deps/rpc-uart/src" to "/data/fwbuild-volumes/2.17.0/apps/MOS_IOT_ADDRESSABLE_LEDS/esp8266/build_contexts/build_ctx_503585193/deps/rpc-uart/src"
mount from "/data/fwbuild-volumes/2.17.0/apps/MOS_IOT_ADDRESSABLE_LEDS/esp8266/build_contexts/build_ctx_503585193/deps/wifi/src" to "/data/fwbuild-volumes/2.17.0/apps/MOS_IOT_ADDRESSABLE_LEDS/esp8266/build_contexts/build_ctx_503585193/deps/wifi/src"
mount from "/data/fwbuild-volumes/2.17.0/apps/MOS_IOT_ADDRESSABLE_LEDS/esp8266/build_contexts/build_ctx_503585193/deps/wifi/src/esp8266" to "/data/fwbuild-volumes/2.17.0/apps/MOS_IOT_ADDRESSABLE_LEDS/esp8266/build_contexts/build_ctx_503585193/deps/wifi/src/esp8266"
mount from "/data/fwbuild-volumes/2.17.0/apps/MOS_IOT_ADDRESSABLE_LEDS/esp8266/build_contexts/build_ctx_503585193/deps/i2c/include" to "/data/fwbuild-volumes/2.17.0/apps/MOS_IOT_ADDRESSABLE_LEDS/esp8266/build_contexts/build_ctx_503585193/deps/i2c/include"
mount from "/data/fwbuild-volumes/2.17.0/apps/MOS_IOT_ADDRESSABLE_LEDS/esp8266/build_contexts/build_ctx_503585193/deps/atca/include" to "/data/fwbuild-volumes/2.17.0/apps/MOS_IOT_ADDRESSABLE_LEDS/esp8266/build_contexts/build_ctx_503585193/deps/atca/include"
mount from "/data/fwbuild-volumes/2.17.0/apps/MOS_IOT_ADDRESSABLE_LEDS/esp8266/build_contexts/build_ctx_503585193/deps/atca/cryptoauthlib/lib" to "/data/fwbuild-volumes/2.17.0/apps/MOS_IOT_ADDRESSABLE_LEDS/esp8266/build_contexts/build_ctx_503585193/deps/atca/cryptoauthlib/lib"
mount from "/data/fwbuild-volumes/2.17.0/apps/MOS_IOT_ADDRESSABLE_LEDS/esp8266/build_contexts/build_ctx_503585193/deps/atca/cryptoauthlib/lib/crypto" to "/data/fwbuild-volumes/2.17.0/apps/MOS_IOT_ADDRESSABLE_LEDS/esp8266/build_contexts/build_ctx_503585193/deps/atca/cryptoauthlib/lib/crypto"
mount from "/data/fwbuild-volumes/2.17.0/apps/MOS_IOT_ADDRESSABLE_LEDS/esp8266/build_contexts/build_ctx_503585193/deps/atca/cryptoauthlib/lib/hal" to "/data/fwbuild-volumes/2.17.0/apps/MOS_IOT_ADDRESSABLE_LEDS/esp8266/build_contexts/build_ctx_503585193/deps/atca/cryptoauthlib/lib/hal"
mount from "/data/fwbuild-volumes/2.17.0/apps/MOS_IOT_ADDRESSABLE_LEDS/esp8266/build_contexts/build_ctx_503585193/deps/mbedtls/include" to "/data/fwbuild-volumes/2.17.0/apps/MOS_IOT_ADDRESSABLE_LEDS/esp8266/build_contexts/build_ctx_503585193/deps/mbedtls/include"
mount from "/data/fwbuild-volumes/2.17.0/apps/MOS_IOT_ADDRESSABLE_LEDS/esp8266/build_contexts/build_ctx_503585193/deps/mbedtls/include/esp8266" to "/data/fwbuild-volumes/2.17.0/apps/MOS_IOT_ADDRESSABLE_LEDS/esp8266/build_contexts/build_ctx_503585193/deps/mbedtls/include/esp8266"
mount from "/data/fwbuild-volumes/2.17.0/apps/MOS_IOT_ADDRESSABLE_LEDS/esp8266/build_contexts/build_ctx_503585193/deps/mbedtls/mbedtls/include" to "/data/fwbuild-volumes/2.17.0/apps/MOS_IOT_ADDRESSABLE_LEDS/esp8266/build_contexts/build_ctx_503585193/deps/mbedtls/mbedtls/include"
mount from "/data/fwbuild-volumes/2.17.0/apps/MOS_IOT_ADDRESSABLE_LEDS/esp8266/build_contexts/build_ctx_503585193/deps/vfs-common/include" to "/data/fwbuild-volumes/2.17.0/apps/MOS_IOT_ADDRESSABLE_LEDS/esp8266/build_contexts/build_ctx_503585193/deps/vfs-common/include"
mount from "/data/fwbuild-volumes/2.17.0/apps/MOS_IOT_ADDRESSABLE_LEDS/esp8266/build_contexts/build_ctx_503585193/deps/vfs-common/include/esp8266" to "/data/fwbuild-volumes/2.17.0/apps/MOS_IOT_ADDRESSABLE_LEDS/esp8266/build_contexts/build_ctx_503585193/deps/vfs-common/include/esp8266"
mount from "/data/fwbuild-volumes/2.17.0/apps/MOS_IOT_ADDRESSABLE_LEDS/esp8266/build_contexts/build_ctx_503585193/deps/mongoose/include" to "/data/fwbuild-volumes/2.17.0/apps/MOS_IOT_ADDRESSABLE_LEDS/esp8266/build_contexts/build_ctx_503585193/deps/mongoose/include"
mount from "/data/fwbuild-volumes/2.17.0/apps/MOS_IOT_ADDRESSABLE_LEDS/esp8266/build_contexts/build_ctx_503585193/deps/vfs-dev-part/include" to "/data/fwbuild-volumes/2.17.0/apps/MOS_IOT_ADDRESSABLE_LEDS/esp8266/build_contexts/build_ctx_503585193/deps/vfs-dev-part/include"
mount from "/data/fwbuild-volumes/2.17.0/apps/MOS_IOT_ADDRESSABLE_LEDS/esp8266/build_contexts/build_ctx_503585193/deps/vfs-fs-lfs/include" to "/data/fwbuild-volumes/2.17.0/apps/MOS_IOT_ADDRESSABLE_LEDS/esp8266/build_contexts/build_ctx_503585193/deps/vfs-fs-lfs/include"
mount from "/data/fwbuild-volumes/2.17.0/apps/MOS_IOT_ADDRESSABLE_LEDS/esp8266/build_contexts/build_ctx_503585193/deps/vfs-fs-lfs/littlefs" to "/data/fwbuild-volumes/2.17.0/apps/MOS_IOT_ADDRESSABLE_LEDS/esp8266/build_contexts/build_ctx_503585193/deps/vfs-fs-lfs/littlefs"
mount from "/data/fwbuild-volumes/2.17.0/apps/MOS_IOT_ADDRESSABLE_LEDS/esp8266/build_contexts/build_ctx_503585193/deps/vfs-fs-lfs/littlefs1" to "/data/fwbuild-volumes/2.17.0/apps/MOS_IOT_ADDRESSABLE_LEDS/esp8266/build_contexts/build_ctx_503585193/deps/vfs-fs-lfs/littlefs1"
mount from "/data/fwbuild-volumes/2.17.0/apps/MOS_IOT_ADDRESSABLE_LEDS/esp8266/build_contexts/build_ctx_503585193/deps/vfs-fs-spiffs/include" to "/data/fwbuild-volumes/2.17.0/apps/MOS_IOT_ADDRESSABLE_LEDS/esp8266/build_contexts/build_ctx_503585193/deps/vfs-fs-spiffs/include"
mount from "/data/fwbuild-volumes/2.17.0/apps/MOS_IOT_ADDRESSABLE_LEDS/esp8266/build_contexts/build_ctx_503585193/deps/vfs-fs-spiffs/include/spiffs" to "/data/fwbuild-volumes/2.17.0/apps/MOS_IOT_ADDRESSABLE_LEDS/esp8266/build_contexts/build_ctx_503585193/deps/vfs-fs-spiffs/include/spiffs"
mount from "/data/fwbuild-volumes/2.17.0/apps/MOS_IOT_ADDRESSABLE_LEDS/esp8266/build_contexts/build_ctx_503585193/deps/vfs-fs-spiffs/include/esp8266" to "/data/fwbuild-volumes/2.17.0/apps/MOS_IOT_ADDRESSABLE_LEDS/esp8266/build_contexts/build_ctx_503585193/deps/vfs-fs-spiffs/include/esp8266"
mount from "/data/fwbuild-volumes/2.17.0/apps/MOS_IOT_ADDRESSABLE_LEDS/esp8266/build_contexts/build_ctx_503585193/deps/core/include" to "/data/fwbuild-volumes/2.17.0/apps/MOS_IOT_ADDRESSABLE_LEDS/esp8266/build_contexts/build_ctx_503585193/deps/core/include"
mount from "/data/fwbuild-volumes/2.17.0/apps/MOS_IOT_ADDRESSABLE_LEDS/esp8266/build_contexts/build_ctx_503585193/deps/core/include/esp8266" to "/data/fwbuild-volumes/2.17.0/apps/MOS_IOT_ADDRESSABLE_LEDS/esp8266/build_contexts/build_ctx_503585193/deps/core/include/esp8266"
mount from "/data/fwbuild-volumes/2.17.0/apps/MOS_IOT_ADDRESSABLE_LEDS/esp8266/build_contexts/build_ctx_503585193/deps/ota-common/include" to "/data/fwbuild-volumes/2.17.0/apps/MOS_IOT_ADDRESSABLE_LEDS/esp8266/build_contexts/build_ctx_503585193/deps/ota-common/include"
mount from "/data/fwbuild-volumes/2.17.0/apps/MOS_IOT_ADDRESSABLE_LEDS/esp8266/build_contexts/build_ctx_503585193/deps/ota-http-client/include" to "/data/fwbuild-volumes/2.17.0/apps/MOS_IOT_ADDRESSABLE_LEDS/esp8266/build_contexts/build_ctx_503585193/deps/ota-http-client/include"
mount from "/data/fwbuild-volumes/2.17.0/apps/MOS_IOT_ADDRESSABLE_LEDS/esp8266/build_contexts/build_ctx_503585193/deps/shadow/include" to "/data/fwbuild-volumes/2.17.0/apps/MOS_IOT_ADDRESSABLE_LEDS/esp8266/build_contexts/build_ctx_503585193/deps/shadow/include"
mount from "/data/fwbuild-volumes/2.17.0/apps/MOS_IOT_ADDRESSABLE_LEDS/esp8266/build_contexts/build_ctx_503585193/deps/rpc-common/include" to "/data/fwbuild-volumes/2.17.0/apps/MOS_IOT_ADDRESSABLE_LEDS/esp8266/build_contexts/build_ctx_503585193/deps/rpc-common/include"
mount from "/data/fwbuild-volumes/2.17.0/apps/MOS_IOT_ADDRESSABLE_LEDS/esp8266/build_contexts/build_ctx_503585193/deps/rpc-ws/include" to "/data/fwbuild-volumes/2.17.0/apps/MOS_IOT_ADDRESSABLE_LEDS/esp8266/build_contexts/build_ctx_503585193/deps/rpc-ws/include"
mount from "/data/fwbuild-volumes/2.17.0/apps/MOS_IOT_ADDRESSABLE_LEDS/esp8266/build_contexts/build_ctx_503585193/deps/dash/include" to "/data/fwbuild-volumes/2.17.0/apps/MOS_IOT_ADDRESSABLE_LEDS/esp8266/build_contexts/build_ctx_503585193/deps/dash/include"
mount from "/data/fwbuild-volumes/2.17.0/apps/MOS_IOT_ADDRESSABLE_LEDS/esp8266/build_contexts/build_ctx_503585193/deps/mjs/include" to "/data/fwbuild-volumes/2.17.0/apps/MOS_IOT_ADDRESSABLE_LEDS/esp8266/build_contexts/build_ctx_503585193/deps/mjs/include"
mount from "/data/fwbuild-volumes/2.17.0/apps/MOS_IOT_ADDRESSABLE_LEDS/esp8266/build_contexts/build_ctx_503585193/deps/neopixel/include" to "/data/fwbuild-volumes/2.17.0/apps/MOS_IOT_ADDRESSABLE_LEDS/esp8266/build_contexts/build_ctx_503585193/deps/neopixel/include"
mount from "/data/fwbuild-volumes/2.17.0/apps/MOS_IOT_ADDRESSABLE_LEDS/esp8266/build_contexts/build_ctx_503585193/deps/rpc-service-config/include" to "/data/fwbuild-volumes/2.17.0/apps/MOS_IOT_ADDRESSABLE_LEDS/esp8266/build_contexts/build_ctx_503585193/deps/rpc-service-config/include"
mount from "/data/fwbuild-volumes/2.17.0/apps/MOS_IOT_ADDRESSABLE_LEDS/esp8266/build_contexts/build_ctx_503585193/deps/rpc-service-fs/include" to "/data/fwbuild-volumes/2.17.0/apps/MOS_IOT_ADDRESSABLE_LEDS/esp8266/build_contexts/build_ctx_503585193/deps/rpc-service-fs/include"
mount from "/data/fwbuild-volumes/2.17.0/apps/MOS_IOT_ADDRESSABLE_LEDS/esp8266/build_contexts/build_ctx_503585193/deps/rpc-service-ota/include" to "/data/fwbuild-volumes/2.17.0/apps/MOS_IOT_ADDRESSABLE_LEDS/esp8266/build_contexts/build_ctx_503585193/deps/rpc-service-ota/include"
mount from "/data/fwbuild-volumes/2.17.0/apps/MOS_IOT_ADDRESSABLE_LEDS/esp8266/build_contexts/build_ctx_503585193/deps/rpc-uart/include" to "/data/fwbuild-volumes/2.17.0/apps/MOS_IOT_ADDRESSABLE_LEDS/esp8266/build_contexts/build_ctx_503585193/deps/rpc-uart/include"
mount from "/data/fwbuild-volumes/2.17.0/apps/MOS_IOT_ADDRESSABLE_LEDS/esp8266/build_contexts/build_ctx_503585193/deps/wifi/include" to "/data/fwbuild-volumes/2.17.0/apps/MOS_IOT_ADDRESSABLE_LEDS/esp8266/build_contexts/build_ctx_503585193/deps/wifi/include"
mount from "/data/fwbuild-volumes/2.17.0/apps/MOS_IOT_ADDRESSABLE_LEDS/esp8266/build_contexts/build_ctx_503585193/deps/ca-bundle/fs" to "/data/fwbuild-volumes/2.17.0/apps/MOS_IOT_ADDRESSABLE_LEDS/esp8266/build_contexts/build_ctx_503585193/deps/ca-bundle/fs"
mount from "/data/fwbuild-volumes/2.17.0/apps/MOS_IOT_ADDRESSABLE_LEDS/esp8266/build_contexts/build_ctx_503585193/deps/mjs/fs" to "/data/fwbuild-volumes/2.17.0/apps/MOS_IOT_ADDRESSABLE_LEDS/esp8266/build_contexts/build_ctx_503585193/deps/mjs/fs"
mount from "/data/fwbuild-volumes/2.17.0/apps/MOS_IOT_ADDRESSABLE_LEDS/esp8266/build_contexts/build_ctx_503585193/deps/modules/mjs/mjs/lib" to "/data/fwbuild-volumes/2.17.0/apps/MOS_IOT_ADDRESSABLE_LEDS/esp8266/build_contexts/build_ctx_503585193/deps/modules/mjs/mjs/lib"
mount from "/data/fwbuild-volumes/2.17.0/apps/MOS_IOT_ADDRESSABLE_LEDS/esp8266/build_contexts/build_ctx_503585193/deps/i2c/mjs_fs" to "/data/fwbuild-volumes/2.17.0/apps/MOS_IOT_ADDRESSABLE_LEDS/esp8266/build_contexts/build_ctx_503585193/deps/i2c/mjs_fs"
mount from "/data/fwbuild-volumes/2.17.0/apps/MOS_IOT_ADDRESSABLE_LEDS/esp8266/build_contexts/build_ctx_503585193/deps/ota-http-client/mjs_fs" to "/data/fwbuild-volumes/2.17.0/apps/MOS_IOT_ADDRESSABLE_LEDS/esp8266/build_contexts/build_ctx_503585193/deps/ota-http-client/mjs_fs"
mount from "/data/fwbuild-volumes/2.17.0/apps/MOS_IOT_ADDRESSABLE_LEDS/esp8266/build_contexts/build_ctx_503585193/deps/shadow/mjs_fs" to "/data/fwbuild-volumes/2.17.0/apps/MOS_IOT_ADDRESSABLE_LEDS/esp8266/build_contexts/build_ctx_503585193/deps/shadow/mjs_fs"
mount from "/data/fwbuild-volumes/2.17.0/apps/MOS_IOT_ADDRESSABLE_LEDS/esp8266/build_contexts/build_ctx_503585193/deps/rpc-common/mjs_fs" to "/data/fwbuild-volumes/2.17.0/apps/MOS_IOT_ADDRESSABLE_LEDS/esp8266/build_contexts/build_ctx_503585193/deps/rpc-common/mjs_fs"
mount from "/data/fwbuild-volumes/2.17.0/apps/MOS_IOT_ADDRESSABLE_LEDS/esp8266/build_contexts/build_ctx_503585193/deps/dash/mjs_fs" to "/data/fwbuild-volumes/2.17.0/apps/MOS_IOT_ADDRESSABLE_LEDS/esp8266/build_contexts/build_ctx_503585193/deps/dash/mjs_fs"
mount from "/data/fwbuild-volumes/2.17.0/apps/MOS_IOT_ADDRESSABLE_LEDS/esp8266/build_contexts/build_ctx_503585193/deps/neopixel/mjs_fs" to "/data/fwbuild-volumes/2.17.0/apps/MOS_IOT_ADDRESSABLE_LEDS/esp8266/build_contexts/build_ctx_503585193/deps/neopixel/mjs_fs"
mount from "/data/fwbuild-volumes/2.17.0/apps/MOS_IOT_ADDRESSABLE_LEDS/esp8266/build_contexts/build_ctx_503585193/deps/wifi/mjs_fs" to "/data/fwbuild-volumes/2.17.0/apps/MOS_IOT_ADDRESSABLE_LEDS/esp8266/build_contexts/build_ctx_503585193/deps/wifi/mjs_fs"
mount from "/data/fwbuild-volumes/2.17.0/apps/MOS_IOT_ADDRESSABLE_LEDS/esp8266/build_contexts/build_ctx_503585193/deps/mjs/esp8266/fs" to "/data/fwbuild-volumes/2.17.0/apps/MOS_IOT_ADDRESSABLE_LEDS/esp8266/build_contexts/build_ctx_503585193/deps/mjs/esp8266/fs"
mount from "/data/fwbuild-volumes/2.17.0/apps/MOS_IOT_ADDRESSABLE_LEDS/esp8266/build_contexts/build_ctx_503585193/fs" to "/data/fwbuild-volumes/2.17.0/apps/MOS_IOT_ADDRESSABLE_LEDS/esp8266/build_contexts/build_ctx_503585193/fs"
mount from "/data/fwbuild-volumes/2.17.0/apps/MOS_IOT_ADDRESSABLE_LEDS/esp8266/build_contexts/build_ctx_503585193/build/objs" to "/data/fwbuild-volumes/2.17.0/apps/MOS_IOT_ADDRESSABLE_LEDS/esp8266/build_contexts/build_ctx_503585193/build/objs"
mount from "/data/fwbuild-volumes/2.17.0/apps/MOS_IOT_ADDRESSABLE_LEDS/esp8266/build_contexts/build_ctx_503585193/build/objs" to "/data/fwbuild-volumes/2.17.0/apps/MOS_IOT_ADDRESSABLE_LEDS/esp8266/build_contexts/build_ctx_503585193/build/objs"
mount from "/data/fwbuild-volumes/2.17.0/apps/MOS_IOT_ADDRESSABLE_LEDS/esp8266/build_contexts/build_ctx_503585193/build/objs" to "/data/fwbuild-volumes/2.17.0/apps/MOS_IOT_ADDRESSABLE_LEDS/esp8266/build_contexts/build_ctx_503585193/build/objs"
mount from "/data/fwbuild-volumes/2.17.0/apps/MOS_IOT_ADDRESSABLE_LEDS/esp8266/build_contexts/build_ctx_503585193/build/objs" to "/data/fwbuild-volumes/2.17.0/apps/MOS_IOT_ADDRESSABLE_LEDS/esp8266/build_contexts/build_ctx_503585193/build/objs"
mount from "/data/fwbuild-volumes/2.17.0/apps/MOS_IOT_ADDRESSABLE_LEDS/esp8266/build_contexts/build_ctx_503585193/build/objs" to "/data/fwbuild-volumes/2.17.0/apps/MOS_IOT_ADDRESSABLE_LEDS/esp8266/build_contexts/build_ctx_503585193/build/objs"
mount from "/data/fwbuild-volumes/2.17.0/apps/MOS_IOT_ADDRESSABLE_LEDS/esp8266/build_contexts/build_ctx_503585193/build/objs" to "/data/fwbuild-volumes/2.17.0/apps/MOS_IOT_ADDRESSABLE_LEDS/esp8266/build_contexts/build_ctx_503585193/build/objs"
mount from "/data/fwbuild-volumes/2.17.0/apps/MOS_IOT_ADDRESSABLE_LEDS/esp8266/build_contexts/build_ctx_503585193/build/objs" to "/data/fwbuild-volumes/2.17.0/apps/MOS_IOT_ADDRESSABLE_LEDS/esp8266/build_contexts/build_ctx_503585193/build/objs"
mount from "/data/fwbuild-volumes/2.17.0/apps/MOS_IOT_ADDRESSABLE_LEDS/esp8266/build_contexts/build_ctx_503585193/build/gen" to "/data/fwbuild-volumes/2.17.0/apps/MOS_IOT_ADDRESSABLE_LEDS/esp8266/build_contexts/build_ctx_503585193/build/gen"
Docker arguments: run --name mos_build_2020-11-13T08-04-22-00_3871751906326393924 --rm -i -v /data/fwbuild-volumes/2.17.0/apps/MOS_IOT_ADDRESSABLE_LEDS/esp8266/build_contexts/build_ctx_503585193/deps/rpc-service-config/include:/data/fwbuild-volumes/2.17.0/apps/MOS_IOT_ADDRESSABLE_LEDS/esp8266/build_contexts/build_ctx_503585193/deps/rpc-service-config/include -v /data/fwbuild-volumes/2.17.0/apps/MOS_IOT_ADDRESSABLE_LEDS/esp8266/build_contexts/build_ctx_503585193/deps/atca/cryptoauthlib/lib/mbedtls:/data/fwbuild-volumes/2.17.0/apps/MOS_IOT_ADDRESSABLE_LEDS/esp8266/build_contexts/build_ctx_503585193/deps/atca/cryptoauthlib/lib/mbedtls -v /data/fwbuild-volumes/2.17.0/apps/MOS_IOT_ADDRESSABLE_LEDS/esp8266/build_contexts/build_ctx_503585193/deps/vfs-dev-part/src:/data/fwbuild-volumes/2.17.0/apps/MOS_IOT_ADDRESSABLE_LEDS/esp8266/build_contexts/build_ctx_503585193/deps/vfs-dev-part/src -v /data/fwbuild-volumes/2.17.0/apps/MOS_IOT_ADDRESSABLE_LEDS/esp8266/build_contexts/build_ctx_503585193/deps/vfs-fs-spiffs/src:/data/fwbuild-volumes/2.17.0/apps/MOS_IOT_ADDRESSABLE_LEDS/esp8266/build_contexts/build_ctx_503585193/deps/vfs-fs-spiffs/src -v /data/fwbuild-volumes/2.17.0/apps/MOS_IOT_ADDRESSABLE_LEDS/esp8266/build_contexts/build_ctx_503585193/deps/mbedtls/mbedtls/include:/data/fwbuild-volumes/2.17.0/apps/MOS_IOT_ADDRESSABLE_LEDS/esp8266/build_contexts/build_ctx_503585193/deps/mbedtls/mbedtls/include -v /data/fwbuild-volumes/2.17.0/apps/MOS_IOT_ADDRESSABLE_LEDS/esp8266/build_contexts/build_ctx_503585193/deps/wifi/include:/data/fwbuild-volumes/2.17.0/apps/MOS_IOT_ADDRESSABLE_LEDS/esp8266/build_contexts/build_ctx_503585193/deps/wifi/include -v /data/fwbuild-volumes/2.17.0/apps/MOS_IOT_ADDRESSABLE_LEDS/esp8266/build_contexts/build_ctx_503585193/build/gen:/data/fwbuild-volumes/2.17.0/apps/MOS_IOT_ADDRESSABLE_LEDS/esp8266/build_contexts/build_ctx_503585193/build/gen -v /data/fwbuild-volumes/2.17.0/apps/MOS_IOT_ADDRESSABLE_LEDS/esp8266/build_contexts/build_ctx_503585193/deps/rpc-uart/src:/data/fwbuild-volumes/2.17.0/apps/MOS_IOT_ADDRESSABLE_LEDS/esp8266/build_contexts/build_ctx_503585193/deps/rpc-uart/src -v /data/fwbuild-volumes/2.17.0/apps/MOS_IOT_ADDRESSABLE_LEDS/esp8266/build_contexts/build_ctx_503585193/deps/atca/include:/data/fwbuild-volumes/2.17.0/apps/MOS_IOT_ADDRESSABLE_LEDS/esp8266/build_contexts/build_ctx_503585193/deps/atca/include -v /data/fwbuild-volumes/2.17.0/apps/MOS_IOT_ADDRESSABLE_LEDS/esp8266/build_contexts/build_ctx_503585193/deps/ca-bundle/fs:/data/fwbuild-volumes/2.17.0/apps/MOS_IOT_ADDRESSABLE_LEDS/esp8266/build_contexts/build_ctx_503585193/deps/ca-bundle/fs -v /data/fwbuild-volumes/2.17.0/apps/MOS_IOT_ADDRESSABLE_LEDS/esp8266/build_contexts/build_ctx_503585193/deps/shadow/mjs_fs:/data/fwbuild-volumes/2.17.0/apps/MOS_IOT_ADDRESSABLE_LEDS/esp8266/build_contexts/build_ctx_503585193/deps/shadow/mjs_fs -v /data/fwbuild-volumes/2.17.0/apps/MOS_IOT_ADDRESSABLE_LEDS/esp8266/build_contexts/build_ctx_503585193/deps/neopixel/mjs_fs:/data/fwbuild-volumes/2.17.0/apps/MOS_IOT_ADDRESSABLE_LEDS/esp8266/build_contexts/build_ctx_503585193/deps/neopixel/mjs_fs -v /data/fwbuild-volumes/2.17.0/apps/MOS_IOT_ADDRESSABLE_LEDS/esp8266/build_contexts/build_ctx_503585193/deps/modules/mongoose-os:/data/fwbuild-volumes/2.17.0/apps/MOS_IOT_ADDRESSABLE_LEDS/esp8266/build_contexts/build_ctx_503585193/deps/modules/mongoose-os -v /data/fwbuild-volumes/2.17.0/apps/MOS_IOT_ADDRESSABLE_LEDS/esp8266/build_contexts/build_ctx_503585193/deps/rpc-ws/src:/data/fwbuild-volumes/2.17.0/apps/MOS_IOT_ADDRESSABLE_LEDS/esp8266/build_contexts/build_ctx_503585193/deps/rpc-ws/src -v /data/fwbuild-volumes/2.17.0/apps/MOS_IOT_ADDRESSABLE_LEDS/esp8266/build_contexts/build_ctx_503585193/deps/mongoose/include:/data/fwbuild-volumes/2.17.0/apps/MOS_IOT_ADDRESSABLE_LEDS/esp8266/build_contexts/build_ctx_503585193/deps/mongoose/include -v /data/fwbuild-volumes/2.17.0/apps/MOS_IOT_ADDRESSABLE_LEDS/esp8266/build_contexts/build_ctx_503585193/deps/vfs-fs-spiffs/src/spiffs:/data/fwbuild-volumes/2.17.0/apps/MOS_IOT_ADDRESSABLE_LEDS/esp8266/build_contexts/build_ctx_503585193/deps/vfs-fs-spiffs/src/spiffs -v /data/fwbuild-volumes/2.17.0/apps/MOS_IOT_ADDRESSABLE_LEDS/esp8266/build_contexts/build_ctx_503585193/deps/mjs/fs:/data/fwbuild-volumes/2.17.0/apps/MOS_IOT_ADDRESSABLE_LEDS/esp8266/build_contexts/build_ctx_503585193/deps/mjs/fs -v /data/fwbuild-volumes/2.17.0/apps/MOS_IOT_ADDRESSABLE_LEDS/esp8266/build_contexts/build_ctx_503585193/deps/wifi/mjs_fs:/data/fwbuild-volumes/2.17.0/apps/MOS_IOT_ADDRESSABLE_LEDS/esp8266/build_contexts/build_ctx_503585193/deps/wifi/mjs_fs -v /data/fwbuild-volumes/2.17.0/apps/MOS_IOT_ADDRESSABLE_LEDS/esp8266/build_contexts/build_ctx_503585193/deps/vfs-fs-spiffs/include/spiffs:/data/fwbuild-volumes/2.17.0/apps/MOS_IOT_ADDRESSABLE_LEDS/esp8266/build_contexts/build_ctx_503585193/deps/vfs-fs-spiffs/include/spiffs -v /data/fwbuild-volumes/2.17.0/apps/MOS_IOT_ADDRESSABLE_LEDS/esp8266/build_contexts/build_ctx_503585193/deps/vfs-fs-spiffs/include/esp8266:/data/fwbuild-volumes/2.17.0/apps/MOS_IOT_ADDRESSABLE_LEDS/esp8266/build_contexts/build_ctx_503585193/deps/vfs-fs-spiffs/include/esp8266 -v /data/fwbuild-volumes/2.17.0/apps/MOS_IOT_ADDRESSABLE_LEDS/esp8266/build_contexts/build_ctx_503585193/deps/core/include:/data/fwbuild-volumes/2.17.0/apps/MOS_IOT_ADDRESSABLE_LEDS/esp8266/build_contexts/build_ctx_503585193/deps/core/include -v /data/fwbuild-volumes/2.17.0/apps/MOS_IOT_ADDRESSABLE_LEDS/esp8266/build_contexts/build_ctx_503585193/deps/ota-http-client/include:/data/fwbuild-volumes/2.17.0/apps/MOS_IOT_ADDRESSABLE_LEDS/esp8266/build_contexts/build_ctx_503585193/deps/ota-http-client/include -v /data/fwbuild-volumes/2.17.0/apps/MOS_IOT_ADDRESSABLE_LEDS/esp8266/build_contexts/build_ctx_503585193/build:/data/fwbuild-volumes/2.17.0/apps/MOS_IOT_ADDRESSABLE_LEDS/esp8266/build_contexts/build_ctx_503585193/build -v /data/fwbuild-volumes/2.17.0/apps/MOS_IOT_ADDRESSABLE_LEDS/esp8266/build_contexts/build_ctx_503585193/deps/i2c/src:/data/fwbuild-volumes/2.17.0/apps/MOS_IOT_ADDRESSABLE_LEDS/esp8266/build_contexts/build_ctx_503585193/deps/i2c/src -v /data/fwbuild-volumes/2.17.0/apps/MOS_IOT_ADDRESSABLE_LEDS/esp8266/build_contexts/build_ctx_503585193/deps/atca/src:/data/fwbuild-volumes/2.17.0/apps/MOS_IOT_ADDRESSABLE_LEDS/esp8266/build_contexts/build_ctx_503585193/deps/atca/src -v /data/fwbuild-volumes/2.17.0/apps/MOS_IOT_ADDRESSABLE_LEDS/esp8266/build_contexts/build_ctx_503585193/deps/mbedtls/include:/data/fwbuild-volumes/2.17.0/apps/MOS_IOT_ADDRESSABLE_LEDS/esp8266/build_contexts/build_ctx_503585193/deps/mbedtls/include -v /data/fwbuild-volumes/2.17.0/apps/MOS_IOT_ADDRESSABLE_LEDS/esp8266/build_contexts/build_ctx_503585193/deps/atca/cryptoauthlib/lib:/data/fwbuild-volumes/2.17.0/apps/MOS_IOT_ADDRESSABLE_LEDS/esp8266/build_contexts/build_ctx_503585193/deps/atca/cryptoauthlib/lib -v /data/fwbuild-volumes/2.17.0/apps/MOS_IOT_ADDRESSABLE_LEDS/esp8266/build_contexts/build_ctx_503585193/deps/vfs-fs-lfs/include:/data/fwbuild-volumes/2.17.0/apps/MOS_IOT_ADDRESSABLE_LEDS/esp8266/build_contexts/build_ctx_503585193/deps/vfs-fs-lfs/include -v /data/fwbuild-volumes/2.17.0/apps/MOS_IOT_ADDRESSABLE_LEDS/esp8266/build_contexts/build_ctx_503585193/deps/shadow/include:/data/fwbuild-volumes/2.17.0/apps/MOS_IOT_ADDRESSABLE_LEDS/esp8266/build_contexts/build_ctx_503585193/deps/shadow/include -v /data/fwbuild-volumes/2.17.0/apps/MOS_IOT_ADDRESSABLE_LEDS/esp8266/build_contexts/build_ctx_503585193/deps/shadow/src:/data/fwbuild-volumes/2.17.0/apps/MOS_IOT_ADDRESSABLE_LEDS/esp8266/build_contexts/build_ctx_503585193/deps/shadow/src -v /data/fwbuild-volumes/2.17.0/apps/MOS_IOT_ADDRESSABLE_LEDS/esp8266/build_contexts/build_ctx_503585193/deps/rpc-service-fs/src:/data/fwbuild-volumes/2.17.0/apps/MOS_IOT_ADDRESSABLE_LEDS/esp8266/build_contexts/build_ctx_503585193/deps/rpc-service-fs/src -v /data/fwbuild-volumes/2.17.0/apps/MOS_IOT_ADDRESSABLE_LEDS/esp8266/build_contexts/build_ctx_503585193/deps/rpc-common/include:/data/fwbuild-volumes/2.17.0/apps/MOS_IOT_ADDRESSABLE_LEDS/esp8266/build_contexts/build_ctx_503585193/deps/rpc-common/include -v /data/fwbuild-volumes/2.17.0/apps/MOS_IOT_ADDRESSABLE_LEDS/esp8266/build_contexts/build_ctx_503585193/deps/atca/cryptoauthlib/lib/host:/data/fwbuild-volumes/2.17.0/apps/MOS_IOT_ADDRESSABLE_LEDS/esp8266/build_contexts/build_ctx_503585193/deps/atca/cryptoauthlib/lib/host -v /data/fwbuild-volumes/2.17.0/apps/MOS_IOT_ADDRESSABLE_LEDS/esp8266/build_contexts/build_ctx_503585193/deps/vfs-fs-lfs/littlefs:/data/fwbuild-volumes/2.17.0/apps/MOS_IOT_ADDRESSABLE_LEDS/esp8266/build_contexts/build_ctx_503585193/deps/vfs-fs-lfs/littlefs -v /data/fwbuild-volumes/2.17.0/apps/MOS_IOT_ADDRESSABLE_LEDS/esp8266/build_contexts/build_ctx_503585193/deps/vfs-fs-lfs/littlefs1:/data/fwbuild-volumes/2.17.0/apps/MOS_IOT_ADDRESSABLE_LEDS/esp8266/build_contexts/build_ctx_503585193/deps/vfs-fs-lfs/littlefs1 -v /data/fwbuild-volumes/2.17.0/apps/MOS_IOT_ADDRESSABLE_LEDS/esp8266/build_contexts/build_ctx_503585193/deps/core/include/esp8266:/data/fwbuild-volumes/2.17.0/apps/MOS_IOT_ADDRESSABLE_LEDS/esp8266/build_contexts/build_ctx_503585193/deps/core/include/esp8266 -v /data/fwbuild-volumes/2.17.0/apps/MOS_IOT_ADDRESSABLE_LEDS/esp8266/build_contexts/build_ctx_503585193/deps/rpc-uart/include:/data/fwbuild-volumes/2.17.0/apps/MOS_IOT_ADDRESSABLE_LEDS/esp8266/build_contexts/build_ctx_503585193/deps/rpc-uart/include -v /data/fwbuild-volumes/2.17.0/apps/MOS_IOT_ADDRESSABLE_LEDS/esp8266/build_contexts/build_ctx_503585193/deps/vfs-common/src/esp8266:/data/fwbuild-volumes/2.17.0/apps/MOS_IOT_ADDRESSABLE_LEDS/esp8266/build_contexts/build_ctx_503585193/deps/vfs-common/src/esp8266 -v /data/fwbuild-volumes/2.17.0/apps/MOS_IOT_ADDRESSABLE_LEDS/esp8266/build_contexts/build_ctx_503585193/deps/mjs/src:/data/fwbuild-volumes/2.17.0/apps/MOS_IOT_ADDRESSABLE_LEDS/esp8266/build_contexts/build_ctx_503585193/deps/mjs/src -v /data/fwbuild-volumes/2.17.0/apps/MOS_IOT_ADDRESSABLE_LEDS/esp8266/build_contexts/build_ctx_503585193/deps/vfs-common/include:/data/fwbuild-volumes/2.17.0/apps/MOS_IOT_ADDRESSABLE_LEDS/esp8266/build_contexts/build_ctx_503585193/deps/vfs-common/include -v /data/fwbuild-volumes/2.17.0/apps/MOS_IOT_ADDRESSABLE_LEDS/esp8266/build_contexts/build_ctx_503585193/deps/mbedtls/include/esp8266:/data/fwbuild-volumes/2.17.0/apps/MOS_IOT_ADDRESSABLE_LEDS/esp8266/build_contexts/build_ctx_503585193/deps/mbedtls/include/esp8266 -v /data/fwbuild-volumes/2.17.0/apps/MOS_IOT_ADDRESSABLE_LEDS/esp8266/build_contexts/build_ctx_503585193/deps/ota-common/include:/data/fwbuild-volumes/2.17.0/apps/MOS_IOT_ADDRESSABLE_LEDS/esp8266/build_contexts/build_ctx_503585193/deps/ota-common/include -v /data/fwbuild-volumes/2.17.0/apps/MOS_IOT_ADDRESSABLE_LEDS/esp8266/build_contexts/build_ctx_503585193/deps/atca/cryptoauthlib/lib/basic:/data/fwbuild-volumes/2.17.0/apps/MOS_IOT_ADDRESSABLE_LEDS/esp8266/build_contexts/build_ctx_503585193/deps/atca/cryptoauthlib/lib/basic -v /data/fwbuild-volumes/2.17.0/apps/MOS_IOT_ADDRESSABLE_LEDS/esp8266/build_contexts/build_ctx_503585193/deps/i2c/include:/data/fwbuild-volumes/2.17.0/apps/MOS_IOT_ADDRESSABLE_LEDS/esp8266/build_contexts/build_ctx_503585193/deps/i2c/include -v /data/fwbuild-volumes/2.17.0/apps/MOS_IOT_ADDRESSABLE_LEDS/esp8266/build_contexts/build_ctx_503585193/deps/atca/cryptoauthlib/lib/crypto:/data/fwbuild-volumes/2.17.0/apps/MOS_IOT_ADDRESSABLE_LEDS/esp8266/build_contexts/build_ctx_503585193/deps/atca/cryptoauthlib/lib/crypto -v /data/fwbuild-volumes/2.17.0/apps/MOS_IOT_ADDRESSABLE_LEDS/esp8266/build_contexts/build_ctx_503585193:/app -v /data/fwbuild-volumes/2.17.0/apps/MOS_IOT_ADDRESSABLE_LEDS/esp8266/build_contexts/build_ctx_503585193/deps/modules/mongoose-os:/mongoose-os -v /data/fwbuild-volumes/2.17.0/apps/MOS_IOT_ADDRESSABLE_LEDS/esp8266/build_contexts/build_ctx_503585193/deps/core/src:/data/fwbuild-volumes/2.17.0/apps/MOS_IOT_ADDRESSABLE_LEDS/esp8266/build_contexts/build_ctx_503585193/deps/core/src -v /data/fwbuild-volumes/2.17.0/apps/MOS_IOT_ADDRESSABLE_LEDS/esp8266/build_contexts/build_ctx_503585193/deps/mjs/esp8266/fs:/data/fwbuild-volumes/2.17.0/apps/MOS_IOT_ADDRESSABLE_LEDS/esp8266/build_contexts/build_ctx_503585193/deps/mjs/esp8266/fs -v /data/fwbuild-volumes/2.17.0/apps/MOS_IOT_ADDRESSABLE_LEDS/esp8266/build_contexts/build_ctx_503585193/deps/wifi/src:/data/fwbuild-volumes/2.17.0/apps/MOS_IOT_ADDRESSABLE_LEDS/esp8266/build_contexts/build_ctx_503585193/deps/wifi/src -v /data/fwbuild-volumes/2.17.0/apps/MOS_IOT_ADDRESSABLE_LEDS/esp8266/build_contexts/build_ctx_503585193/deps/atca/cryptoauthlib/lib/hal:/data/fwbuild-volumes/2.17.0/apps/MOS_IOT_ADDRESSABLE_LEDS/esp8266/build_contexts/build_ctx_503585193/deps/atca/cryptoauthlib/lib/hal -v /data/fwbuild-volumes/2.17.0/apps/MOS_IOT_ADDRESSABLE_LEDS/esp8266/build_contexts/build_ctx_503585193/deps/rpc-ws/include:/data/fwbuild-volumes/2.17.0/apps/MOS_IOT_ADDRESSABLE_LEDS/esp8266/build_contexts/build_ctx_503585193/deps/rpc-ws/include -v /data/fwbuild-volumes/2.17.0/apps/MOS_IOT_ADDRESSABLE_LEDS/esp8266/build_contexts/build_ctx_503585193/deps/rpc-service-fs/include:/data/fwbuild-volumes/2.17.0/apps/MOS_IOT_ADDRESSABLE_LEDS/esp8266/build_contexts/build_ctx_503585193/deps/rpc-service-fs/include -v /data/fwbuild-volumes/2.17.0/apps/MOS_IOT_ADDRESSABLE_LEDS/esp8266/build_contexts/build_ctx_503585193/deps/rpc-service-ota/include:/data/fwbuild-volumes/2.17.0/apps/MOS_IOT_ADDRESSABLE_LEDS/esp8266/build_contexts/build_ctx_503585193/deps/rpc-service-ota/include -v /data/fwbuild-volumes/2.17.0/apps/MOS_IOT_ADDRESSABLE_LEDS/esp8266/build_contexts/build_ctx_503585193/deps/i2c/mjs_fs:/data/fwbuild-volumes/2.17.0/apps/MOS_IOT_ADDRESSABLE_LEDS/esp8266/build_contexts/build_ctx_503585193/deps/i2c/mjs_fs -v /data/fwbuild-volumes/2.17.0/apps/MOS_IOT_ADDRESSABLE_LEDS/esp8266/build_contexts/build_ctx_503585193/deps/rpc-service-config/src:/data/fwbuild-volumes/2.17.0/apps/MOS_IOT_ADDRESSABLE_LEDS/esp8266/build_contexts/build_ctx_503585193/deps/rpc-service-config/src -v /data/fwbuild-volumes/2.17.0/apps/MOS_IOT_ADDRESSABLE_LEDS/esp8266/build_contexts/build_ctx_503585193/deps/mjs/include:/data/fwbuild-volumes/2.17.0/apps/MOS_IOT_ADDRESSABLE_LEDS/esp8266/build_contexts/build_ctx_503585193/deps/mjs/include -v /data/fwbuild-volumes/2.17.0/apps/MOS_IOT_ADDRESSABLE_LEDS/esp8266/build_contexts/build_ctx_503585193/deps/neopixel/include:/data/fwbuild-volumes/2.17.0/apps/MOS_IOT_ADDRESSABLE_LEDS/esp8266/build_contexts/build_ctx_503585193/deps/neopixel/include -v /data/fwbuild-volumes/2.17.0/apps/MOS_IOT_ADDRESSABLE_LEDS/esp8266/build_contexts/build_ctx_503585193/deps/mjs/esp8266/src:/data/fwbuild-volumes/2.17.0/apps/MOS_IOT_ADDRESSABLE_LEDS/esp8266/build_contexts/build_ctx_503585193/deps/mjs/esp8266/src -v /data/fwbuild-volumes/2.17.0/apps/MOS_IOT_ADDRESSABLE_LEDS/esp8266/build_contexts/build_ctx_503585193/deps/wifi/src/esp8266:/data/fwbuild-volumes/2.17.0/apps/MOS_IOT_ADDRESSABLE_LEDS/esp8266/build_contexts/build_ctx_503585193/deps/wifi/src/esp8266 -v /data/fwbuild-volumes/2.17.0/apps/MOS_IOT_ADDRESSABLE_LEDS/esp8266/build_contexts/build_ctx_503585193/deps/vfs-common/include/esp8266:/data/fwbuild-volumes/2.17.0/apps/MOS_IOT_ADDRESSABLE_LEDS/esp8266/build_contexts/build_ctx_503585193/deps/vfs-common/include/esp8266 -v /data/fwbuild-volumes/2.17.0/apps/MOS_IOT_ADDRESSABLE_LEDS/esp8266/build_contexts/build_ctx_503585193/deps/vfs-dev-part/include:/data/fwbuild-volumes/2.17.0/apps/MOS_IOT_ADDRESSABLE_LEDS/esp8266/build_contexts/build_ctx_503585193/deps/vfs-dev-part/include -v /data/fwbuild-volumes/2.17.0/apps/MOS_IOT_ADDRESSABLE_LEDS/esp8266/build_contexts/build_ctx_503585193/deps/vfs-fs-spiffs/include:/data/fwbuild-volumes/2.17.0/apps/MOS_IOT_ADDRESSABLE_LEDS/esp8266/build_contexts/build_ctx_503585193/deps/vfs-fs-spiffs/include -v /data/fwbuild-volumes/2.17.0/apps/MOS_IOT_ADDRESSABLE_LEDS/esp8266/build_contexts/build_ctx_503585193/deps/vfs-common/src:/data/fwbuild-volumes/2.17.0/apps/MOS_IOT_ADDRESSABLE_LEDS/esp8266/build_contexts/build_ctx_503585193/deps/vfs-common/src -v /data/fwbuild-volumes/2.17.0/apps/MOS_IOT_ADDRESSABLE_LEDS/esp8266/build_contexts/build_ctx_503585193/deps/vfs-fs-lfs/src:/data/fwbuild-volumes/2.17.0/apps/MOS_IOT_ADDRESSABLE_LEDS/esp8266/build_contexts/build_ctx_503585193/deps/vfs-fs-lfs/src -v /data/fwbuild-volumes/2.17.0/apps/MOS_IOT_ADDRESSABLE_LEDS/esp8266/build_contexts/build_ctx_503585193/deps/modules/mjs:/data/fwbuild-volumes/2.17.0/apps/MOS_IOT_ADDRESSABLE_LEDS/esp8266/build_contexts/build_ctx_503585193/deps/modules/mjs -v /data/fwbuild-volumes/2.17.0/apps/MOS_IOT_ADDRESSABLE_LEDS/esp8266/build_contexts/build_ctx_503585193/deps/dash/mjs_fs:/data/fwbuild-volumes/2.17.0/apps/MOS_IOT_ADDRESSABLE_LEDS/esp8266/build_contexts/build_ctx_503585193/deps/dash/mjs_fs -v /data/fwbuild-volumes/2.17.0/apps/MOS_IOT_ADDRESSABLE_LEDS/esp8266/build_contexts/build_ctx_503585193/build/objs:/data/fwbuild-volumes/2.17.0/apps/MOS_IOT_ADDRESSABLE_LEDS/esp8266/build_contexts/build_ctx_503585193/build/objs -v /data/fwbuild-volumes/2.17.0/apps/MOS_IOT_ADDRESSABLE_LEDS/esp8266/build_contexts/build_ctx_503585193/deps/dash/include:/data/fwbuild-volumes/2.17.0/apps/MOS_IOT_ADDRESSABLE_LEDS/esp8266/build_contexts/build_ctx_503585193/deps/dash/include -v /data/fwbuild-volumes/2.17.0/apps/MOS_IOT_ADDRESSABLE_LEDS/esp8266/build_contexts/build_ctx_503585193/deps/modules/mjs/mjs/lib:/data/fwbuild-volumes/2.17.0/apps/MOS_IOT_ADDRESSABLE_LEDS/esp8266/build_contexts/build_ctx_503585193/deps/modules/mjs/mjs/lib -v /data/fwbuild-volumes/2.17.0/apps/MOS_IOT_ADDRESSABLE_LEDS/esp8266/build_contexts/build_ctx_503585193/deps/ota-http-client/mjs_fs:/data/fwbuild-volumes/2.17.0/apps/MOS_IOT_ADDRESSABLE_LEDS/esp8266/build_contexts/build_ctx_503585193/deps/ota-http-client/mjs_fs -v /data/fwbuild-volumes/2.17.0/apps/MOS_IOT_ADDRESSABLE_LEDS/esp8266/build_contexts/build_ctx_503585193/deps/neopixel/src:/data/fwbuild-volumes/2.17.0/apps/MOS_IOT_ADDRESSABLE_LEDS/esp8266/build_contexts/build_ctx_503585193/deps/neopixel/src -v /data/fwbuild-volumes/2.17.0/apps/MOS_IOT_ADDRESSABLE_LEDS/esp8266/build_contexts/build_ctx_503585193/deps/rpc-common/mjs_fs:/data/fwbuild-volumes/2.17.0/apps/MOS_IOT_ADDRESSABLE_LEDS/esp8266/build_contexts/build_ctx_503585193/deps/rpc-common/mjs_fs -v /data/fwbuild-volumes/2.17.0/apps/MOS_IOT_ADDRESSABLE_LEDS/esp8266/build_contexts/build_ctx_503585193/fs:/data/fwbuild-volumes/2.17.0/apps/MOS_IOT_ADDRESSABLE_LEDS/esp8266/build_contexts/build_ctx_503585193/fs -v /data/fwbuild-volumes/2.17.0/apps/MOS_IOT_ADDRESSABLE_LEDS/esp8266/build_contexts/build_ctx_503585193/deps/i2c/src/gpio:/data/fwbuild-volumes/2.17.0/apps/MOS_IOT_ADDRESSABLE_LEDS/esp8266/build_contexts/build_ctx_503585193/deps/i2c/src/gpio -v /data/fwbuild-volumes/2.17.0/apps/MOS_IOT_ADDRESSABLE_LEDS/esp8266/build_contexts/build_ctx_503585193/deps/core/src/esp8266:/data/fwbuild-volumes/2.17.0/apps/MOS_IOT_ADDRESSABLE_LEDS/esp8266/build_contexts/build_ctx_503585193/deps/core/src/esp8266 -v /data/fwbuild-volumes/2.17.0/apps/MOS_IOT_ADDRESSABLE_LEDS/esp8266/build_contexts/build_ctx_503585193/deps/rpc-common/src:/data/fwbuild-volumes/2.17.0/apps/MOS_IOT_ADDRESSABLE_LEDS/esp8266/build_contexts/build_ctx_503585193/deps/rpc-common/src --user 0:0 docker.io/mgos/esp8266-build:2.2.1-1.5.0-r5 /bin/bash -c nice make '-j' '8' '-C' '/app' '-f' '/data/fwbuild-volumes/2.17.0/apps/MOS_IOT_ADDRESSABLE_LEDS/esp8266/build_contexts/build_ctx_503585193/deps/modules/mongoose-os/platforms/esp8266/Makefile.build' 'all' 'MGOS_VARS_FILE=/data/fwbuild-volumes/2.17.0/apps/MOS_IOT_ADDRESSABLE_LEDS/esp8266/build_contexts/build_ctx_503585193/build/gen/vars.mk'
make: Entering directory '/app'
  GEN   /data/fwbuild-volumes/2.17.0/apps/MOS_IOT_ADDRESSABLE_LEDS/esp8266/build_contexts/build_ctx_503585193/build/gen/ffi_exports.c
  CP    /data/fwbuild-volumes/2.17.0/apps/MOS_IOT_ADDRESSABLE_LEDS/esp8266/build_contexts/build_ctx_503585193/build/gen/conf0.json -> /data/fwbuild-volumes/2.17.0/apps/MOS_IOT_ADDRESSABLE_LEDS/esp8266/build_contexts/build_ctx_503585193/build/objs/fs
  CP    /data/fwbuild-volumes/2.17.0/apps/MOS_IOT_ADDRESSABLE_LEDS/esp8266/build_contexts/build_ctx_503585193/deps/ca-bundle/fs/ca.pem -> /data/fwbuild-volumes/2.17.0/apps/MOS_IOT_ADDRESSABLE_LEDS/esp8266/build_contexts/build_ctx_503585193/build/objs/fs
  CP    /data/fwbuild-volumes/2.17.0/apps/MOS_IOT_ADDRESSABLE_LEDS/esp8266/build_contexts/build_ctx_503585193/deps/mjs/fs/api_bitbang.js -> /data/fwbuild-volumes/2.17.0/apps/MOS_IOT_ADDRESSABLE_LEDS/esp8266/build_contexts/build_ctx_503585193/build/objs/fs
  CP    /data/fwbuild-volumes/2.17.0/apps/MOS_IOT_ADDRESSABLE_LEDS/esp8266/build_contexts/build_ctx_503585193/deps/mjs/fs/api_config.js -> /data/fwbuild-volumes/2.17.0/apps/MOS_IOT_ADDRESSABLE_LEDS/esp8266/build_contexts/build_ctx_503585193/build/objs/fs
  CP    /data/fwbuild-volumes/2.17.0/apps/MOS_IOT_ADDRESSABLE_LEDS/esp8266/build_contexts/build_ctx_503585193/deps/mjs/fs/api_events.js -> /data/fwbuild-volumes/2.17.0/apps/MOS_IOT_ADDRESSABLE_LEDS/esp8266/build_contexts/build_ctx_503585193/build/objs/fs
  CP    /data/fwbuild-volumes/2.17.0/apps/MOS_IOT_ADDRESSABLE_LEDS/esp8266/build_contexts/build_ctx_503585193/deps/mjs/fs/api_gpio.js -> /data/fwbuild-volumes/2.17.0/apps/MOS_IOT_ADDRESSABLE_LEDS/esp8266/build_contexts/build_ctx_503585193/build/objs/fs
  CP    /data/fwbuild-volumes/2.17.0/apps/MOS_IOT_ADDRESSABLE_LEDS/esp8266/build_contexts/build_ctx_503585193/deps/mjs/fs/api_http.js -> /data/fwbuild-volumes/2.17.0/apps/MOS_IOT_ADDRESSABLE_LEDS/esp8266/build_contexts/build_ctx_503585193/build/objs/fs
  CP    /data/fwbuild-volumes/2.17.0/apps/MOS_IOT_ADDRESSABLE_LEDS/esp8266/build_contexts/build_ctx_503585193/deps/mjs/fs/api_log.js -> /data/fwbuild-volumes/2.17.0/apps/MOS_IOT_ADDRESSABLE_LEDS/esp8266/build_contexts/build_ctx_503585193/build/objs/fs
  CP    /data/fwbuild-volumes/2.17.0/apps/MOS_IOT_ADDRESSABLE_LEDS/esp8266/build_contexts/build_ctx_503585193/deps/mjs/fs/api_net.js -> /data/fwbuild-volumes/2.17.0/apps/MOS_IOT_ADDRESSABLE_LEDS/esp8266/build_contexts/build_ctx_503585193/build/objs/fs
  CP    /data/fwbuild-volumes/2.17.0/apps/MOS_IOT_ADDRESSABLE_LEDS/esp8266/build_contexts/build_ctx_503585193/deps/mjs/fs/api_sys.js -> /data/fwbuild-volumes/2.17.0/apps/MOS_IOT_ADDRESSABLE_LEDS/esp8266/build_contexts/build_ctx_503585193/build/objs/fs
  CP    /data/fwbuild-volumes/2.17.0/apps/MOS_IOT_ADDRESSABLE_LEDS/esp8266/build_contexts/build_ctx_503585193/deps/mjs/fs/api_timer.js -> /data/fwbuild-volumes/2.17.0/apps/MOS_IOT_ADDRESSABLE_LEDS/esp8266/build_contexts/build_ctx_503585193/build/objs/fs
  CP    /data/fwbuild-volumes/2.17.0/apps/MOS_IOT_ADDRESSABLE_LEDS/esp8266/build_contexts/build_ctx_503585193/deps/mjs/fs/api_uart.js -> /data/fwbuild-volumes/2.17.0/apps/MOS_IOT_ADDRESSABLE_LEDS/esp8266/build_contexts/build_ctx_503585193/build/objs/fs
  CP    /data/fwbuild-volumes/2.17.0/apps/MOS_IOT_ADDRESSABLE_LEDS/esp8266/build_contexts/build_ctx_503585193/deps/mjs/fs/init.js -> /data/fwbuild-volumes/2.17.0/apps/MOS_IOT_ADDRESSABLE_LEDS/esp8266/build_contexts/build_ctx_503585193/build/objs/fs
  CP    /data/fwbuild-volumes/2.17.0/apps/MOS_IOT_ADDRESSABLE_LEDS/esp8266/build_contexts/build_ctx_503585193/deps/mjs/fs/polyfill.js -> /data/fwbuild-volumes/2.17.0/apps/MOS_IOT_ADDRESSABLE_LEDS/esp8266/build_contexts/build_ctx_503585193/build/objs/fs
  CP    /data/fwbuild-volumes/2.17.0/apps/MOS_IOT_ADDRESSABLE_LEDS/esp8266/build_contexts/build_ctx_503585193/deps/modules/mjs/mjs/lib/api_dataview.js -> /data/fwbuild-volumes/2.17.0/apps/MOS_IOT_ADDRESSABLE_LEDS/esp8266/build_contexts/build_ctx_503585193/build/objs/fs
  CP    /data/fwbuild-volumes/2.17.0/apps/MOS_IOT_ADDRESSABLE_LEDS/esp8266/build_contexts/build_ctx_503585193/deps/modules/mjs/mjs/lib/api_file.js -> /data/fwbuild-volumes/2.17.0/apps/MOS_IOT_ADDRESSABLE_LEDS/esp8266/build_contexts/build_ctx_503585193/build/objs/fs
  CP    /data/fwbuild-volumes/2.17.0/apps/MOS_IOT_ADDRESSABLE_LEDS/esp8266/build_contexts/build_ctx_503585193/deps/modules/mjs/mjs/lib/api_math.js -> /data/fwbuild-volumes/2.17.0/apps/MOS_IOT_ADDRESSABLE_LEDS/esp8266/build_contexts/build_ctx_503585193/build/objs/fs
  CP    /data/fwbuild-volumes/2.17.0/apps/MOS_IOT_ADDRESSABLE_LEDS/esp8266/build_contexts/build_ctx_503585193/deps/i2c/mjs_fs/api_i2c.js -> /data/fwbuild-volumes/2.17.0/apps/MOS_IOT_ADDRESSABLE_LEDS/esp8266/build_contexts/build_ctx_503585193/build/objs/fs
  CP    /data/fwbuild-volumes/2.17.0/apps/MOS_IOT_ADDRESSABLE_LEDS/esp8266/build_contexts/build_ctx_503585193/deps/ota-http-client/mjs_fs/api_ota.js -> /data/fwbuild-volumes/2.17.0/apps/MOS_IOT_ADDRESSABLE_LEDS/esp8266/build_contexts/build_ctx_503585193/build/objs/fs
  CP    /data/fwbuild-volumes/2.17.0/apps/MOS_IOT_ADDRESSABLE_LEDS/esp8266/build_contexts/build_ctx_503585193/deps/shadow/mjs_fs/api_shadow.js -> /data/fwbuild-volumes/2.17.0/apps/MOS_IOT_ADDRESSABLE_LEDS/esp8266/build_contexts/build_ctx_503585193/build/objs/fs
  CP    /data/fwbuild-volumes/2.17.0/apps/MOS_IOT_ADDRESSABLE_LEDS/esp8266/build_contexts/build_ctx_503585193/deps/rpc-common/mjs_fs/api_rpc.js -> /data/fwbuild-volumes/2.17.0/apps/MOS_IOT_ADDRESSABLE_LEDS/esp8266/build_contexts/build_ctx_503585193/build/objs/fs
  CP    /data/fwbuild-volumes/2.17.0/apps/MOS_IOT_ADDRESSABLE_LEDS/esp8266/build_contexts/build_ctx_503585193/deps/dash/mjs_fs/api_dash.js -> /data/fwbuild-volumes/2.17.0/apps/MOS_IOT_ADDRESSABLE_LEDS/esp8266/build_contexts/build_ctx_503585193/build/objs/fs
  CP    /data/fwbuild-volumes/2.17.0/apps/MOS_IOT_ADDRESSABLE_LEDS/esp8266/build_contexts/build_ctx_503585193/deps/neopixel/mjs_fs/api_neopixel.js -> /data/fwbuild-volumes/2.17.0/apps/MOS_IOT_ADDRESSABLE_LEDS/esp8266/build_contexts/build_ctx_503585193/build/objs/fs
  CP    /data/fwbuild-volumes/2.17.0/apps/MOS_IOT_ADDRESSABLE_LEDS/esp8266/build_contexts/build_ctx_503585193/deps/wifi/mjs_fs/api_wifi.js -> /data/fwbuild-volumes/2.17.0/apps/MOS_IOT_ADDRESSABLE_LEDS/esp8266/build_contexts/build_ctx_503585193/build/objs/fs
  CP    /data/fwbuild-volumes/2.17.0/apps/MOS_IOT_ADDRESSABLE_LEDS/esp8266/build_contexts/build_ctx_503585193/deps/mjs/esp8266/fs/api_arch_uart.js -> /data/fwbuild-volumes/2.17.0/apps/MOS_IOT_ADDRESSABLE_LEDS/esp8266/build_contexts/build_ctx_503585193/build/objs/fs
  CP    /data/fwbuild-volumes/2.17.0/apps/MOS_IOT_ADDRESSABLE_LEDS/esp8266/build_contexts/build_ctx_503585193/deps/mjs/esp8266/fs/api_esp8266.js -> /data/fwbuild-volumes/2.17.0/apps/MOS_IOT_ADDRESSABLE_LEDS/esp8266/build_contexts/build_ctx_503585193/build/objs/fs
  CP    /data/fwbuild-volumes/2.17.0/apps/MOS_IOT_ADDRESSABLE_LEDS/esp8266/build_contexts/build_ctx_503585193/fs/init.js -> /data/fwbuild-volumes/2.17.0/apps/MOS_IOT_ADDRESSABLE_LEDS/esp8266/build_contexts/build_ctx_503585193/build/objs/fs
  MKFS  /usr/local/bin/mkspiffs8 262144 {bs:4096,ps:256,es:4096} /data/fwbuild-volumes/2.17.0/apps/MOS_IOT_ADDRESSABLE_LEDS/esp8266/build_contexts/build_ctx_503585193/build/objs/fs -> /data/fwbuild-volumes/2.17.0/apps/MOS_IOT_ADDRESSABLE_LEDS/esp8266/build_contexts/build_ctx_503585193/build/objs/fw_temp/fs.bin
     FS params: size=262144, bs=4096, ps=256, es=4096
       Adding api_dash.js: 703
       Adding api_neopixel.js: 1449
       Adding api_shadow.js: 1687
       Adding init.js: 1778
       Adding api_net.js: 5122
       Adding api_i2c.js: 4880
       Adding api_wifi.js: 1020
       Adding api_http.js: 3812
       Adding api_events.js: 3857
       Adding api_config.js: 2170
       Adding api_rpc.js: 2941
       Adding api_file.js: 2105
       Adding api_math.js: 1890
       Adding api_gpio.js: 3571
       Adding api_timer.js: 1750
       Adding api_uart.js: 5772
       Adding api_bitbang.js: 815
       Adding api_arch_uart.js: 651
       Adding api_sys.js: 1652
       Adding api_ota.js: 278
       Adding api_log.js: 2005
       Adding api_esp8266.js: 231
       Adding polyfill.js: 1415
       Adding ca.pem: 30849
       Adding api_dataview.js: 7433
       Adding conf0.json: 3
     FS stats : space total=233681, used=99647, free=134034
  CC    /data/fwbuild-volumes/2.17.0/apps/MOS_IOT_ADDRESSABLE_LEDS/esp8266/build_contexts/build_ctx_503585193/build/gen/ffi_exports.c
  LD    /data/fwbuild-volumes/2.17.0/apps/MOS_IOT_ADDRESSABLE_LEDS/esp8266/build_contexts/build_ctx_503585193/build/objs/MOS_IOT_ADDRESSABLE_LEDS.elf
  FW    /data/fwbuild-volumes/2.17.0/apps/MOS_IOT_ADDRESSABLE_LEDS/esp8266/build_contexts/build_ctx_503585193/build/objs/MOS_IOT_ADDRESSABLE_LEDS.elf -> /data/fwbuild-volumes/2.17.0/apps/MOS_IOT_ADDRESSABLE_LEDS/esp8266/build_contexts/build_ctx_503585193/build/objs/MOS_IOT_ADDRESSABLE_LEDS.bin
  GEN    /data/fwbuild-volumes/2.17.0/apps/MOS_IOT_ADDRESSABLE_LEDS/esp8266/build_contexts/build_ctx_503585193/build/objs/fw_temp/manifest.json
  ZIP    /data/fwbuild-volumes/2.17.0/apps/MOS_IOT_ADDRESSABLE_LEDS/esp8266/build_contexts/build_ctx_503585193/build/fw/MOS_IOT_ADDRESSABLE_LEDS-esp8266-last.zip
     Adding /data/fwbuild-volumes/2.17.0/apps/MOS_IOT_ADDRESSABLE_LEDS/esp8266/build_contexts/build_ctx_503585193/build/objs/fw_temp/MOS_IOT_ADDRESSABLE_LEDS.bin
     Adding /data/fwbuild-volumes/2.17.0/apps/MOS_IOT_ADDRESSABLE_LEDS/esp8266/build_contexts/build_ctx_503585193/build/objs/fw_temp/esp_init_data_default_v08.bin
     Adding /data/fwbuild-volumes/2.17.0/apps/MOS_IOT_ADDRESSABLE_LEDS/esp8266/build_contexts/build_ctx_503585193/build/objs/fw_temp/fs.bin
     Adding /data/fwbuild-volumes/2.17.0/apps/MOS_IOT_ADDRESSABLE_LEDS/esp8266/build_contexts/build_ctx_503585193/build/objs/fw_temp/rboot.bin
  Built MOS_IOT_ADDRESSABLE_LEDS/esp8266 version 1.0 (20201113-064909)
make: Leaving directory '/app'
Success, built MOS_IOT_ADDRESSABLE_LEDS/esp8266 version 1.0 (20201113-064909).
Firmware saved to /data/fwbuild-volumes/2.17.0/apps/MOS_IOT_ADDRESSABLE_LEDS/esp8266/build_contexts/build_ctx_503585193/build/fw.zip
By the way, there is a newer version available: "2.18.0" (you use "2.17.0"). Run "mos update" to upgrade.
